C51 COMPILER V9.00   MAIN                                                                  07/24/2023 10:43:09 PAGE 1   


C51 COMPILER V9.00, COMPILATION OF MODULE MAIN
OBJECT MODULE PLACED IN main.OBJ
COMPILER INVOKED BY: F:\单片机\C51\BIN\C51.EXE main.c BROWSE DEBUG OBJECTEXTEND

line level    source

   1          #include<regx52.h>
   2          #include"Delay.h"
   3          #include"LCD1602.h"
   4          #include"Timer0.h"
   5          
   6           unsigned char Sec,Min,Hour;
   7          void main()
   8          {
   9   1        LCD_Init();
  10   1        Timer0Init();
  11   1        LCD_ShowString(1,1,"Clock:");
  12   1         LCD_ShowString(2,1,"  :  :  ");
  13   1         while(1)
  14   1         {
  15   2                LCD_ShowNum(2,1,Hour,2);
  16   2                 LCD_ShowNum(2,4,Min,2);
  17   2                  LCD_ShowNum(2,7,Sec,2);
  18   2          }
  19   1        
  20   1      }
  21          void Timer0_Routine() interrupt 1
  22          {
  23   1        static unsigned int T0Count;
  24   1              TL0 = 0xCD;                             //设置定时初始值
  25   1              TH0 = 0xD4;                             //设置定时初始值
  26   1        T0Count++;
  27   1        if(T0Count>=1000)
  28   1        {
  29   2          T0Count=0;
  30   2              Sec++;
  31   2              if(Sec>=60)
  32   2              {
  33   3                Sec=0;
  34   3                Min++;
  35   3                if(Min>=60)
  36   3                {
  37   4                  Min=0;
  38   4                      Hour++;
  39   4                      if(Hour>=24)
  40   4                      {
  41   5                               Hour=0;
  42   5                      }
  43   4                }
  44   3              }
  45   2        }
  46   1      }
  47           


MODULE INFORMATION:   STATIC OVERLAYABLE
   CODE SIZE        =    150    ----
   CONSTANT SIZE    =     16    ----
   XDATA SIZE       =   ----    ----
   PDATA SIZE       =   ----    ----
   DATA SIZE        =      5    ----
C51 COMPILER V9.00   MAIN                                                                  07/24/2023 10:43:09 PAGE 2   

   IDATA SIZE       =   ----    ----
   BIT SIZE         =   ----    ----
END OF MODULE INFORMATION.


C51 COMPILATION COMPLETE.  0 WARNING(S),  0 ERROR(S)
