C51 COMPILER V9.00   MAIN                                                                  07/04/2023 21:53:03 PAGE 1   


C51 COMPILER V9.00, COMPILATION OF MODULE MAIN
OBJECT MODULE PLACED IN main.OBJ
COMPILER INVOKED BY: F:\µ¥Æ¬»ú\C51\BIN\C51.EXE main.c BROWSE DEBUG OBJECTEXTEND

line level    source

   1          #include<reg51.h> 
   2          
   3          void delay(void)
   4          {
   5   1        unsigned int i;
   6   1        for(i=0;i<30000;i++);
   7   1      
   8   1      }
   9          void main()
  10          {
  11   1         unsigned char i;
  12   1         while(1)
  13   1         {
  14   2              for(i=0;i<255;i++)
  15   2              {
  16   3                P0=i;
  17   3                delay();
  18   3              }
  19   2         }
  20   1      }


MODULE INFORMATION:   STATIC OVERLAYABLE
   CODE SIZE        =     28    ----
   CONSTANT SIZE    =   ----    ----
   XDATA SIZE       =   ----    ----
   PDATA SIZE       =   ----    ----
   DATA SIZE        =   ----    ----
   IDATA SIZE       =   ----    ----
   BIT SIZE         =   ----    ----
END OF MODULE INFORMATION.


C51 COMPILATION COMPLETE.  0 WARNING(S),  0 ERROR(S)
