C51 COMPILER V9.00   MAIN                                                                  08/26/2023 23:07:19 PAGE 1   


C51 COMPILER V9.00, COMPILATION OF MODULE MAIN
OBJECT MODULE PLACED IN main.OBJ
COMPILER INVOKED BY: F:\单片机\C51\BIN\C51.EXE main.c BROWSE DEBUG OBJECTEXTEND

line level    source

   1          #include <REGX52.H>
   2          #include"Delay.h"
   3          #include"Key.h"
   4          #include"Nixie.h"
   5          #include"Timer0.h"
   6          unsigned char Count,Compare,KeyNum,Speed;
   7          sbit Montor=P1^0;
   8          void main()
   9          {
  10   1         Timer0_Init();
  11   1          
  12   1         while(1)
  13   1         {
  14   2               KeyNum=Key();
  15   2               if(KeyNum==1)
  16   2               {
  17   3                 Speed++;
  18   3                 Speed%=4;
  19   3                 if(Speed==0) {Compare=0;}
  20   3                  if(Speed==1)        {Compare=30;}
  21   3                       if(Speed==2)   {Compare=60;}
  22   3                        if(Speed==3)  {Compare=100;}
  23   3               }
  24   2               Nixie(1,Speed);
  25   2         }
  26   1      
  27   1      }
  28           
  29          void Timer0_Routine()  interrupt 1
  30          {
  31   1         
  32   1              TL0 = 0xAE;                             //设置定时初始值
  33   1              TH0 = 0xFB;                             //设置定时初始值
  34   1         Count++;
  35   1        if( Count>=100)
  36   1        {
  37   2           Count=0;
  38   2        }
  39   1       if(Count<Compare)
  40   1       {
  41   2         Montor=1;
  42   2       }
  43   1       else
  44   1       {
  45   2         Montor=0;
  46   2       }
  47   1      }
  48           


MODULE INFORMATION:   STATIC OVERLAYABLE
   CODE SIZE        =    101    ----
   CONSTANT SIZE    =   ----    ----
   XDATA SIZE       =   ----    ----
   PDATA SIZE       =   ----    ----
C51 COMPILER V9.00   MAIN                                                                  08/26/2023 23:07:19 PAGE 2   

   DATA SIZE        =      4    ----
   IDATA SIZE       =   ----    ----
   BIT SIZE         =   ----    ----
END OF MODULE INFORMATION.


C51 COMPILATION COMPLETE.  0 WARNING(S),  0 ERROR(S)
