C51 COMPILER V9.00   MAIN                                                                  08/09/2023 10:59:25 PAGE 1   


C51 COMPILER V9.00, COMPILATION OF MODULE MAIN
OBJECT MODULE PLACED IN main.OBJ
COMPILER INVOKED BY: F:\单片机\C51\BIN\C51.EXE main.c BROWSE DEBUG OBJECTEXTEND

line level    source

   1          #include<regx52.h>
   2          #include"Delay.h"
   3          #include"MatrixLED.h"
   4          
   5          //动画数据
   6          unsigned char code Animation[]={
   7                  0x3C,0x42,0xA9,0x85,0x85,0xA9,0x42,0x3C,
   8                  0x3C,0x42,0xA1,0x85,0x85,0xA1,0x42,0x3C,
   9                  0x3C,0x42,0xA5,0x89,0x89,0xA5,0x42,0x3C,
  10          };
  11          void main()
  12          {
  13   1              unsigned char i,Offset=0,Count=0;  //off偏移量
  14   1              MatrixLED_Init();
  15   1              while(1)
  16   1              {
  17   2                      for(i=0;i<8;i++)        //循环8次，显示8列数据
  18   2                      {
  19   3                              MatrixLED_ShowColumn(i,Animation[i+Offset]);
  20   3                      }
  21   2                      Count++;                        //计次延时
  22   2                      if(Count>15)
  23   2                      {
  24   3                              Count=0;
  25   3                              Offset+=8;              //偏移+8，切换下一帧画面
  26   3                              if(Offset>16)
  27   3                              {
  28   4                                      Offset=0;
  29   4                              }
  30   3                      }
  31   2              }
  32   1      }
  33          


MODULE INFORMATION:   STATIC OVERLAYABLE
   CODE SIZE        =     64    ----
   CONSTANT SIZE    =     24    ----
   XDATA SIZE       =   ----    ----
   PDATA SIZE       =   ----    ----
   DATA SIZE        =   ----       3
   IDATA SIZE       =   ----    ----
   BIT SIZE         =   ----    ----
END OF MODULE INFORMATION.


C51 COMPILATION COMPLETE.  0 WARNING(S),  0 ERROR(S)
