C51 COMPILER V9.00   MARTIXLED                                                             08/09/2023 10:59:25 PAGE 1   


C51 COMPILER V9.00, COMPILATION OF MODULE MARTIXLED
OBJECT MODULE PLACED IN MartixLED.OBJ
COMPILER INVOKED BY: F:\单片机\C51\BIN\C51.EXE MartixLED.c BROWSE DEBUG OBJECTEXTEND

line level    source

   1          #include<regx52.h>
   2          #include"Delay.h"
   3          sbit RCK=P3^5;  //RCLK
   4          sbit SCK=P3^6;   //SRCLK
   5          sbit SER=P3^4;   //SER
   6          #define MATRIX_LED_PORT  P0
   7          
   8           /**
   9             *    @brief 74HC595 写入一个字节
  10             *    @param   要写入的字节
  11             *    @retval   无
  12          */
  13          void _74HC595_WriteByte(unsigned char Byte)
  14          {
  15   1      
  16   1        unsigned char i;
  17   1        for(i=0;i<8;i++)
  18   1        {
  19   2          SER=Byte&(0x80>>i); // 1000 0000
  20   2         //实现移位操作
  21   2          SCK=1;
  22   2          SCK=0;
  23   2        }
  24   1        RCK=1;//输出
  25   1        RCK=0;
  26   1      }
  27           /**
  28             *    @brief   点阵屏初始化  
  29             *    @param   无   
  30             *    @retval   无 
  31          */
  32          void MatrixLED_Init()
  33          {
  34   1         SCK=0;       //两个灯清零
  35   1         RCK=0;
  36   1      }
  37          
  38           /**
  39             *    @brief   LED点阵屏显示一列数据
  40             *    @param    Column要选择的列，范围0-7，0在最左边
  41                                     Data选择列显示的数据，高位在上，1为亮
  42             *    @retval   无
  43          */
  44          void MatrixLED_ShowColumn(unsigned char Column,Data)
  45          {
  46   1         _74HC595_WriteByte(Data); 
  47   1          MATRIX_LED_PORT=~(0x80>>Column);//低电平有效
  48   1              Delay(1);
  49   1              MATRIX_LED_PORT=0xFF;
  50   1      }


MODULE INFORMATION:   STATIC OVERLAYABLE
   CODE SIZE        =     84    ----
   CONSTANT SIZE    =   ----    ----
C51 COMPILER V9.00   MARTIXLED                                                             08/09/2023 10:59:25 PAGE 2   

   XDATA SIZE       =   ----    ----
   PDATA SIZE       =   ----    ----
   DATA SIZE        =   ----    ----
   IDATA SIZE       =   ----    ----
   BIT SIZE         =   ----    ----
END OF MODULE INFORMATION.


C51 COMPILATION COMPLETE.  0 WARNING(S),  0 ERROR(S)
