C51 COMPILER V9.00   MAIN                                                                  08/27/2023 18:21:51 PAGE 1   


C51 COMPILER V9.00, COMPILATION OF MODULE MAIN
OBJECT MODULE PLACED IN main.OBJ
COMPILER INVOKED BY: F:\单片机\C51\BIN\C51.EXE main.c BROWSE DEBUG OBJECTEXTEND

line level    source

   1          #include <REGX52.H>
   2          #include"Delay.h"
   3          #include"Key.h"
   4          #include"Nixie.h"
   5          #include"Timer0.h"
   6          unsigned char Count,Compare;
   7          unsigned char i;
   8          sbit DA=P2^1;
   9          void main()
  10          {
  11   1         Timer0_Init();
  12   1          
  13   1         while(1)
  14   1         {
  15   2           for(i=0;i<100;i++)
  16   2               {
  17   3                 Compare=i;
  18   3                 Delay(10);
  19   3               }
  20   2                 for(i=100;i>0;i--)
  21   2               {
  22   3                 Compare=i;
  23   3                 Delay(10);
  24   3               }
  25   2      
  26   2         }
  27   1      
  28   1      }
  29           
  30          void Timer0_Routine()  interrupt 1
  31          {
  32   1         
  33   1              TL0 = 0xAE;                             //设置定时初始值
  34   1              TH0 = 0xFB;                             //设置定时初始值
  35   1         Count++;
  36   1        if( Count>=100)
  37   1        {
  38   2           Count=0;
  39   2        }
  40   1       if(Count<Compare)
  41   1       {
  42   2         DA=1;
  43   2       }
  44   1       else
  45   1       {
  46   2         DA=0;
  47   2       }
  48   1      }
  49           


MODULE INFORMATION:   STATIC OVERLAYABLE
   CODE SIZE        =     89    ----
   CONSTANT SIZE    =   ----    ----
   XDATA SIZE       =   ----    ----
C51 COMPILER V9.00   MAIN                                                                  08/27/2023 18:21:51 PAGE 2   

   PDATA SIZE       =   ----    ----
   DATA SIZE        =      3    ----
   IDATA SIZE       =   ----    ----
   BIT SIZE         =   ----    ----
END OF MODULE INFORMATION.


C51 COMPILATION COMPLETE.  0 WARNING(S),  0 ERROR(S)
