C51 COMPILER V9.00   MAIN                                                                  07/24/2023 10:11:47 PAGE 1   


C51 COMPILER V9.00, COMPILATION OF MODULE MAIN
OBJECT MODULE PLACED IN main.OBJ
COMPILER INVOKED BY: F:\µ¥Æ¬»ú\C51\BIN\C51.EXE main.c BROWSE DEBUG OBJECTEXTEND

line level    source

   1          #include<regx52.h>
   2          #include"Timer0.h"
   3          #include"Key.h"
   4          #include"INTRINS.H"
   5          unsigned char KeyNum,LEDMode;
   6           
   7          void main()
   8          {
   9   1       P2=0xfe;
  10   1        Timer0Init();
  11   1        while(1)
  12   1        {
  13   2          KeyNum=Key();
  14   2              if(KeyNum)
  15   2              {
  16   3                if(KeyNum==1)
  17   3                {
  18   4                 LEDMode++;
  19   4                 if(LEDMode>=2)
  20   4                 {
  21   5                 LEDMode=0;
  22   5                 }
  23   4                }
  24   3              }
  25   2        }
  26   1      
  27   1      }
  28          
  29          void Timer0_Routeline() interrupt 1
  30          {
  31   1        static unsigned int T0Count;
  32   1         TH0=64535/256;
  33   1         TL0=64535%256;
  34   1         T0Count++;
  35   1         if(T0Count>=500)
  36   1         {
  37   2          T0Count=0;
  38   2              if(LEDMode==0)
  39   2               {
  40   3                P2=_crol_(P2,1);
  41   3               }
  42   2               else  if(LEDMode==1)
  43   2               {
  44   3                 P2=_cror_(P2,1);
  45   3               }
  46   2         }
  47   1        
  48   1      }       


MODULE INFORMATION:   STATIC OVERLAYABLE
   CODE SIZE        =    118    ----
   CONSTANT SIZE    =   ----    ----
   XDATA SIZE       =   ----    ----
   PDATA SIZE       =   ----    ----
C51 COMPILER V9.00   MAIN                                                                  07/24/2023 10:11:47 PAGE 2   

   DATA SIZE        =      4    ----
   IDATA SIZE       =   ----    ----
   BIT SIZE         =   ----    ----
END OF MODULE INFORMATION.


C51 COMPILATION COMPLETE.  0 WARNING(S),  0 ERROR(S)
