C51 COMPILER V9.00   TIMER0                                                                07/24/2023 10:11:48 PAGE 1   


C51 COMPILER V9.00, COMPILATION OF MODULE TIMER0
OBJECT MODULE PLACED IN Timer0.OBJ
COMPILER INVOKED BY: F:\单片机\C51\BIN\C51.EXE Timer0.c BROWSE DEBUG OBJECTEXTEND

line level    source

   1          #include<regx52.h>
   2          
   3          /*
   4            定时器0初始化
   5          */
   6          void Timer0Init(void)           //1微秒@11.0592MHz
   7          {
   8   1       
   9   1              TL0 = 0xFF;                             //设置定时初始值
  10   1              TH0 = 0xFF;                             //设置定时初始值
  11   1              TF0 = 0;                                //清除TF0标志
  12   1              TR0 = 1;                                //定时器0开始计时
  13   1              ET0=1;
  14   1              EA=1;
  15   1              PT0=0;
  16   1      }
  17           


MODULE INFORMATION:   STATIC OVERLAYABLE
   CODE SIZE        =     17    ----
   CONSTANT SIZE    =   ----    ----
   XDATA SIZE       =   ----    ----
   PDATA SIZE       =   ----    ----
   DATA SIZE        =   ----    ----
   IDATA SIZE       =   ----    ----
   BIT SIZE         =   ----    ----
END OF MODULE INFORMATION.


C51 COMPILATION COMPLETE.  0 WARNING(S),  0 ERROR(S)
