C51 COMPILER V9.00   MAIN                                                                  07/13/2023 00:48:04 PAGE 1   


C51 COMPILER V9.00, COMPILATION OF MODULE MAIN
OBJECT MODULE PLACED IN main.OBJ
COMPILER INVOKED BY: F:\µ¥Æ¬»ú\C51\BIN\C51.EXE main.c BROWSE DEBUG OBJECTEXTEND

line level    source

   1          #include<regx52.h>
   2          unsigned char Nixietable[]={
   3          0x3F,0x06,0x5B,0x4F,0x66,0x6D,0x7D,0x07,0x7F,0x6F
   4          };
   5          void Nixie(unsigned char location,number)
   6          {
   7   1         switch(location)
   8   1         {
   9   2                      case 1:
  10   2                      P2_4=1,P2_3=1,P2_2=1;break;
  11   2                              case 2:
  12   2                      P2_4=1,P2_3=1,P2_2=0;break;
  13   2                              case 3:
  14   2                      P2_4=1,P2_3=0,P2_2=1;break;
  15   2                              case 4:
  16   2                      P2_4=1,P2_3=0,P2_2=0;break;
  17   2                              case 5:
  18   2                      P2_4=0,P2_3=1,P2_2=1;break;
  19   2                              case 6:
  20   2                      P2_4=0,P2_3=1,P2_2=0;break;
  21   2                              case 7:
  22   2                      P2_4=0,P2_3=0,P2_2=1;break;
  23   2                              case 8:
  24   2                      P2_4=0,P2_3=0,P2_2=0;break;
  25   2         }
  26   1         P0=Nixietable[number];
  27   1      }
  28          void main()
  29          {
  30   1      Nixie(6,2);
  31   1       while(1)
  32   1       {
  33   2      
  34   2       }
  35   1      
  36   1      }


MODULE INFORMATION:   STATIC OVERLAYABLE
   CODE SIZE        =    110    ----
   CONSTANT SIZE    =   ----    ----
   XDATA SIZE       =   ----    ----
   PDATA SIZE       =   ----    ----
   DATA SIZE        =     10    ----
   IDATA SIZE       =   ----    ----
   BIT SIZE         =   ----    ----
END OF MODULE INFORMATION.


C51 COMPILATION COMPLETE.  0 WARNING(S),  0 ERROR(S)
