C51 COMPILER V9.00   INT0                                                                  08/28/2023 00:10:56 PAGE 1   


C51 COMPILER V9.00, COMPILATION OF MODULE INT0
OBJECT MODULE PLACED IN Int0.OBJ
COMPILER INVOKED BY: F:\单片机\C51\BIN\C51.EXE Int0.c BROWSE DEBUG OBJECTEXTEND

line level    source

   1          #include <REGX52.H>
   2          void Int0_Init(void)
   3          {
   4   1        IT0=1;
   5   1        IE0=0;
   6   1        EX0=1;
   7   1        EA=1; //开中断
   8   1        PX0=1;
   9   1      }
  10          /* 中断模板
  11            void Int0_Routine(void) interrupt 0
  12            {
  13              
  14            }
  15          */


MODULE INFORMATION:   STATIC OVERLAYABLE
   CODE SIZE        =     11    ----
   CONSTANT SIZE    =   ----    ----
   XDATA SIZE       =   ----    ----
   PDATA SIZE       =   ----    ----
   DATA SIZE        =   ----    ----
   IDATA SIZE       =   ----    ----
   BIT SIZE         =   ----    ----
END OF MODULE INFORMATION.


C51 COMPILATION COMPLETE.  0 WARNING(S),  0 ERROR(S)
