C51 COMPILER V9.00   MAIN                                                                  07/09/2023 00:02:48 PAGE 1   


C51 COMPILER V9.00, COMPILATION OF MODULE MAIN
OBJECT MODULE PLACED IN main.OBJ
COMPILER INVOKED BY: F:\单片机\C51\BIN\C51.EXE main.c BROWSE DEBUG OBJECTEXTEND

line level    source

   1          #include<regx52.h>
   2            void Delay (unsigned int xms)         //@12.000MHz
   3          {
   4   1              unsigned char data i, j;
   5   1              while(xms--)
   6   1              {
   7   2                       i = 2;
   8   2                      j = 239;
   9   2                      do
  10   2                      {
  11   3                              while (--j);
  12   3                      } while (--i);
  13   2              }
  14   1              
  15   1      }
  16          void main()
  17          {
  18   1        unsigned char led=0xfe,a,b;
  19   1        
  20   1        while(1)
  21   1        {
  22   2              if(P3_1==0)
  23   2              {
  24   3                Delay(20);
  25   3                while(P3_1==0);//松开
  26   3                Delay(20);
  27   3                P2=led;
  28   3                a=led>>7;
  29   3                b=led<<1;
  30   3                led=a|b;
  31   3                
  32   3              }
  33   2                      if(P3_0==0)
  34   2              {
  35   3                Delay(20);
  36   3                while(P3_0==0);//松开
  37   3                Delay(20);
  38   3               
  39   3                 
  40   3                b=led>>1;
  41   3                led=b;
  42   3                 P2=led;
  43   3                 //1111 1101
  44   3      
  45   3              }
  46   2        }
  47   1      
  48   1      }


MODULE INFORMATION:   STATIC OVERLAYABLE
   CODE SIZE        =     76    ----
   CONSTANT SIZE    =   ----    ----
   XDATA SIZE       =   ----    ----
   PDATA SIZE       =   ----    ----
C51 COMPILER V9.00   MAIN                                                                  07/09/2023 00:02:48 PAGE 2   

   DATA SIZE        =   ----    ----
   IDATA SIZE       =   ----    ----
   BIT SIZE         =   ----    ----
END OF MODULE INFORMATION.


C51 COMPILATION COMPLETE.  0 WARNING(S),  0 ERROR(S)
