C51 COMPILER V9.00   AT24C02                                                               08/25/2023 23:16:39 PAGE 1   


C51 COMPILER V9.00, COMPILATION OF MODULE AT24C02
OBJECT MODULE PLACED IN AT24C02.OBJ
COMPILER INVOKED BY: F:\单片机\C51\BIN\C51.EXE AT24C02.c BROWSE DEBUG OBJECTEXTEND

line level    source

   1          #include <REGX52.H>
   2          #include"I2C.h"
   3          #define AT24C02_ADDRESS 0xA0
   4          /**
   5            * @brief AT24C02写入一个字节 
   6            *     @param  要写如字节的地址，要写入的数据  
   7            *     @retval  无
   8          */
   9          void AT24C02_WriteByte(unsigned char WordAddress,Data)
  10          {
  11   1          ;    
  12   1         I2C_Start();
  13   1         I2C_SendByte(AT24C02_ADDRESS);
  14   1         I2C_ReceiveAck();
  15   1         I2C_SendByte(WordAddress);
  16   1         I2C_ReceiveAck();
  17   1         I2C_SendByte(Data); 
  18   1         I2C_ReceiveAck();
  19   1         I2C_Stop();
  20   1      }
  21          
  22          /**
  23            * @brief AT24C02读取一个字节 
  24            *     @param 要读出字节的地址  
  25            *     @retval 读出的数据
  26          */
  27          unsigned char AT24C02_ReadByte(unsigned char WordAddress)
  28          {
  29   1       unsigned char Data;
  30   1         I2C_Start();
  31   1         I2C_SendByte(AT24C02_ADDRESS);
  32   1         I2C_ReceiveAck();
  33   1         I2C_SendByte(WordAddress);
  34   1         I2C_ReceiveAck();
  35   1         I2C_Start();
  36   1         I2C_SendByte(AT24C02_ADDRESS|0x01);
  37   1         I2C_ReceiveAck();
  38   1         Data=I2C_ReceiveByte();
  39   1         I2C_SendAck(1);
  40   1         I2C_Stop();
  41   1       return Data;
  42   1      }


MODULE INFORMATION:   STATIC OVERLAYABLE
   CODE SIZE        =     84    ----
   CONSTANT SIZE    =   ----    ----
   XDATA SIZE       =   ----    ----
   PDATA SIZE       =   ----    ----
   DATA SIZE        =   ----       5
   IDATA SIZE       =   ----    ----
   BIT SIZE         =   ----    ----
END OF MODULE INFORMATION.


C51 COMPILATION COMPLETE.  0 WARNING(S),  0 ERROR(S)
