C51 COMPILER V9.00   MAIN                                                                  08/01/2023 11:16:22 PAGE 1   


C51 COMPILER V9.00, COMPILATION OF MODULE MAIN
OBJECT MODULE PLACED IN main.OBJ
COMPILER INVOKED BY: F:\µ¥Æ¬»ú\C51\BIN\C51.EXE main.c BROWSE DEBUG OBJECTEXTEND

line level    source

   1          #include<regx52.h>
   2          #include"Delay.h"
   3          #include"UART.h"
   4           unsigned char Sec;
   5          void main()
   6          {
   7   1        UART_Init();
   8   1       
   9   1         while(1)
  10   1         {
  11   2                 UART_SendByte(Sec);
  12   2                 Sec++;
  13   2                 Delay(1000);
  14   2         }
  15   1        
  16   1      }


MODULE INFORMATION:   STATIC OVERLAYABLE
   CODE SIZE        =     19    ----
   CONSTANT SIZE    =   ----    ----
   XDATA SIZE       =   ----    ----
   PDATA SIZE       =   ----    ----
   DATA SIZE        =      1    ----
   IDATA SIZE       =   ----    ----
   BIT SIZE         =   ----    ----
END OF MODULE INFORMATION.


C51 COMPILATION COMPLETE.  0 WARNING(S),  0 ERROR(S)
