C51 COMPILER V9.00   I2C                                                                   08/21/2023 18:09:22 PAGE 1   


C51 COMPILER V9.00, COMPILATION OF MODULE I2C
OBJECT MODULE PLACED IN I2C.OBJ
COMPILER INVOKED BY: F:\单片机\C51\BIN\C51.EXE I2C.c BROWSE DEBUG OBJECTEXTEND

line level    source

   1          #include <REGX52.H>
   2          sbit I2C_SCL=P2^1;
   3          sbit I2C_SDA=P2^0;
   4          /**
   5            * @brief  I2C开始
   6            *     @param   
   7            *     @retval 
   8          */
   9          void I2C_Start(void)
  10          {
  11   1       I2C_SCL=1;
  12   1       I2C_SDA=1;//保证都是1
  13   1      
  14   1       I2C_SDA=0;
  15   1       I2C_SCL=0;//完成
  16   1      }
  17          /**
  18            * @brief I2C停止 
  19            *     @param   
  20            *     @retval 
  21          */
  22          void I2C_Stop(void)
  23          {
  24   1        I2C_SDA=0; //确保一开始是低电平・
  25   1        I2C_SCL=1;
  26   1        I2C_SDA=1;
  27   1      }
  28          
  29          /**
  30            * @brief  I2C发送一个字节
  31            *     @param  Byte要发送的字节 
  32            *     @retval 
  33          */
  34          void I2C_SendByte(unsigned char Byte)
  35          {
  36   1        unsigned char i;
  37   1        for(i=0;i<8;i++)
  38   1        {
  39   2        I2C_SDA=Byte&(0x80>>i);//从高位到低位，依次取出数据到SDA线上
  40   2        I2C_SCL=1;//再次拉高,从机读取数据位
  41   2        I2C_SCL=0; 
  42   2        }
  43   1      
  44   1      }
  45          /**
  46            * @brief  I2C接收一个字节
  47            *     @param   
  48            *     @retval  接收到的一个字节数据
  49          */
  50          unsigned char I2C_ReceiveByte(void)
  51          {
  52   1        unsigned char Byte=0x00,i;
  53   1        I2C_SDA=1; //让从机控制SDA
  54   1      
  55   1        for(i=0;i<8;i++)
C51 COMPILER V9.00   I2C                                                                   08/21/2023 18:09:22 PAGE 2   

  56   1        {
  57   2         I2C_SCL=1;
  58   2         if(I2C_SDA){Byte|=(0x80>>i);}
  59   2         I2C_SCL=0;
  60   2         
  61   2        }
  62   1      
  63   1        return Byte;
  64   1      }
  65          
  66           /**
  67             * @brief  发送应答
  68             * @param      应答位，0应答，1不应答
  69             * @retval 
  70          */
  71          void I2C_SendAck(unsigned char AckBit)
  72          {
  73   1         I2C_SDA=AckBit;
  74   1         I2C_SCL=1;
  75   1         I2C_SCL=0;
  76   1      }
  77          
  78          /**
  79            * @brief  接收应答
  80            *     @param   
  81            *     @retval 接收到的应答
  82          */
  83          unsigned char I2C_ReceiveAck(void)
  84          {
  85   1        unsigned char AckBit;
  86   1        I2C_SDA=1;//释放SDA
  87   1        I2C_SCL=1;
  88   1        AckBit=I2C_SDA;
  89   1        I2C_SCL=0;
  90   1        return AckBit;
  91   1      }


MODULE INFORMATION:   STATIC OVERLAYABLE
   CODE SIZE        =    109    ----
   CONSTANT SIZE    =   ----    ----
   XDATA SIZE       =   ----    ----
   PDATA SIZE       =   ----    ----
   DATA SIZE        =   ----    ----
   IDATA SIZE       =   ----    ----
   BIT SIZE         =   ----    ----
END OF MODULE INFORMATION.


C51 COMPILATION COMPLETE.  0 WARNING(S),  0 ERROR(S)
