C51 COMPILER V9.00   KEY                                                                   08/21/2023 18:09:22 PAGE 1   


C51 COMPILER V9.00, COMPILATION OF MODULE KEY
OBJECT MODULE PLACED IN Key.OBJ
COMPILER INVOKED BY: F:\单片机\C51\BIN\C51.EXE Key.c BROWSE DEBUG OBJECTEXTEND

line level    source

   1          #include<regx52.h>
   2          #include"Delay.h"
   3          unsigned char Key_KeyNumber;
   4          unsigned char Key(void)
   5          {
   6   1        unsigned char Temp;
   7   1        Temp=Key_KeyNumber;
   8   1        Key_KeyNumber=0;
   9   1        return Temp;
  10   1      
  11   1      }
  12          
  13            //获取独立按键键码
  14          unsigned char Key_GetState()
  15          {
  16   1        unsigned char KeyNumber=0;
  17   1        
  18   1        if(P3_1==0){KeyNumber=1;}
  19   1        if(P3_0==0){KeyNumber=2;}
  20   1        if(P3_2==0){KeyNumber=3;}
  21   1        if(P3_3==0){KeyNumber=4;}
  22   1        return KeyNumber;
  23   1      }
  24          void Key_Loop(void)
  25          {
  26   1       static unsigned  char NowState,LastState;
  27   1       LastState=NowState;
  28   1       NowState=Key_GetState(); 
  29   1       if(LastState==1&&NowState==0)//按下松手的节点
  30   1       {
  31   2         Key_KeyNumber=1;
  32   2       }
  33   1       if(LastState==2&&NowState==0)//按下松手的节点
  34   1       {
  35   2         Key_KeyNumber=2;
  36   2       }
  37   1        if(LastState==3&&NowState==0)//按下松手的节点
  38   1       {
  39   2         Key_KeyNumber=3;
  40   2       }
  41   1        if(LastState==4&&NowState==0)//按下松手的节点
  42   1       {
  43   2         Key_KeyNumber=4;
  44   2       }
  45   1      }


MODULE INFORMATION:   STATIC OVERLAYABLE
   CODE SIZE        =     85    ----
   CONSTANT SIZE    =   ----    ----
   XDATA SIZE       =   ----    ----
   PDATA SIZE       =   ----    ----
   DATA SIZE        =      3    ----
   IDATA SIZE       =   ----    ----
   BIT SIZE         =   ----    ----
C51 COMPILER V9.00   KEY                                                                   08/21/2023 18:09:22 PAGE 2   

END OF MODULE INFORMATION.


C51 COMPILATION COMPLETE.  0 WARNING(S),  0 ERROR(S)
