C51 COMPILER V9.00   MAIN                                                                  08/21/2023 18:09:22 PAGE 1   


C51 COMPILER V9.00, COMPILATION OF MODULE MAIN
OBJECT MODULE PLACED IN main.OBJ
COMPILER INVOKED BY: F:\单片机\C51\BIN\C51.EXE main.c BROWSE DEBUG OBJECTEXTEND

line level    source

   1          #include <REGX52.H>
   2          #include"Timer0.h"
   3          #include"Nixie.h"
   4          #include"Key.h"
   5          #include"Delay.h"
   6          #include"AT24C02.h"
   7          #include"I2C.h"
   8          unsigned char KeyNum;
   9          unsigned char  Min,Sec,MiniSec;
  10          
  11          unsigned char RunFlag;
  12          void main()
  13          {
  14   1          Timer0_Init();
  15   1          while(1)
  16   1              {
  17   2                KeyNum=Key();
*** WARNING C206 IN LINE 17 OF MAIN.C: 'Key': missing function-prototype
  18   2               if(KeyNum==1)
  19   2               {
  20   3                 RunFlag=!RunFlag;
  21   3               }
  22   2               if(KeyNum==2)
  23   2               {
  24   3                 Min=0;
  25   3                 Sec=0;
  26   3                 MiniSec=0;
  27   3               }
  28   2               if(KeyNum==3)
  29   2               {
  30   3                 AT24C02_WriteByte(0,Min);
  31   3                 Delay(5);
  32   3                 AT24C02_WriteByte(1,Sec);
  33   3                 Delay(5);
  34   3                 AT24C02_WriteByte(2,MiniSec);
  35   3                 Delay(5);
  36   3               }
  37   2               if(KeyNum==4)
  38   2               {
  39   3                 Min=AT24C02_ReadByte(0);
  40   3                 Sec=AT24C02_ReadByte(1);
  41   3             MiniSec=AT24C02_ReadByte(2);
  42   3      
  43   3               }
  44   2               Nixie_SetBuf(1,Min/10);
  45   2               Nixie_SetBuf(2,Min%10);
  46   2               Nixie_SetBuf(3,11);
  47   2               Nixie_SetBuf(4,Sec/10);
  48   2               Nixie_SetBuf(5,Sec%10);
  49   2               Nixie_SetBuf(6,11);
  50   2               Nixie_SetBuf(7,MiniSec/10);
  51   2               Nixie_SetBuf(8,MiniSec%10);
  52   2              }
  53   1      }
  54          void Sec_Loop(void)
C51 COMPILER V9.00   MAIN                                                                  08/21/2023 18:09:22 PAGE 2   

  55          {
  56   1       if(RunFlag)
  57   1       {
  58   2         MiniSec++;
  59   2        if(MiniSec>=100)
  60   2        {
  61   3          MiniSec=0;
  62   3              Sec++;
  63   3              if(Sec>=60)
  64   3              {
  65   4                Sec=0;
  66   4                Min++;
  67   4                if(Min>=60)Min=0;
  68   4              }
  69   3        }
  70   2       }
  71   1       
  72   1      }
  73          
  74          void Timer0_Routine() interrupt 1
  75          {
  76   1        static unsigned int T0Count1,T0Count2,T0Count3;
  77   1              TL0 = 0xCD;                             //设置定时初始值
  78   1              TH0 = 0xD4;                             //设置定时初始值
  79   1              T0Count1++;
  80   1              if(T0Count1>=20)
  81   1              {
  82   2                T0Count1=0;
  83   2                Key_Loop();
  84   2              }
  85   1              T0Count2++;
  86   1              if(T0Count2>=2)
  87   1              {
  88   2                T0Count2=0;
  89   2                Nixie_Loop();
  90   2              }
  91   1              T0Count3++;
  92   1              if(T0Count3>=10)
  93   1              {
  94   2                T0Count3=0;
  95   2                Sec_Loop();
  96   2              }
  97   1      }


MODULE INFORMATION:   STATIC OVERLAYABLE
   CODE SIZE        =    410    ----
   CONSTANT SIZE    =   ----    ----
   XDATA SIZE       =   ----    ----
   PDATA SIZE       =   ----    ----
   DATA SIZE        =     11    ----
   IDATA SIZE       =   ----    ----
   BIT SIZE         =   ----    ----
END OF MODULE INFORMATION.


C51 COMPILATION COMPLETE.  1 WARNING(S),  0 ERROR(S)
