C51 COMPILER V9.00   DS1302                                                                08/11/2023 14:37:54 PAGE 1   


C51 COMPILER V9.00, COMPILATION OF MODULE DS1302
OBJECT MODULE PLACED IN DS1302.OBJ
COMPILER INVOKED BY: F:\单片机\C51\BIN\C51.EXE DS1302.c OPTIMIZE(9,SPEED) BROWSE DEBUG OBJECTEXTEND

line level    source

   1          #include<REGX52.h>
   2          //引脚定义
   3          sbit DS1302_SCLK=P3^6;
   4          sbit DS1302_IO=P3^4;
   5          sbit DS1302_CE=P3^5;
   6          
   7          //寄存器写入地址/指令定义
   8          #define DS1302_SECOND           0x80
   9          #define DS1302_MINUTE           0x82
  10          #define DS1302_HOUR                     0x84
  11          #define DS1302_DATE                     0x86
  12          #define DS1302_MONTH            0x88
  13          #define DS1302_DAY                      0x8A
  14          #define DS1302_YEAR                     0x8C
  15          #define DS1302_WP                       0x8E
  16          
  17          //时间数组，索引0~6分别为年、月、日、时、分、秒、星期
  18          unsigned char DS1302_Time[]={23,8,10,22,52,33,6};
  19          
  20          /**
  21            * @brief  DS1302初始化
  22            * @param  无
  23            * @retval 无
  24            */
  25          void DS1302_Init(void)
  26          {
  27   1              DS1302_CE=0;
  28   1              DS1302_SCLK=0;
  29   1      }
  30          
  31          /**
  32            * @brief  DS1302写一个字节
  33            * @param  Command 命令字/地址
  34            * @param  Data 要写入的数据
  35            * @retval 无
  36            */
  37          void DS1302_WriteByte(unsigned char Command,Data)
  38          {
  39   1              unsigned char i;
  40   1              DS1302_CE=1;
  41   1              for(i=0;i<8;i++)
  42   1              {
  43   2                      DS1302_IO=Command&(0x01<<i);
  44   2                      DS1302_SCLK=1;
  45   2                      DS1302_SCLK=0;
  46   2              }
  47   1              for(i=0;i<8;i++)
  48   1              {
  49   2                      DS1302_IO=Data&(0x01<<i);
  50   2                      DS1302_SCLK=1;
  51   2                      DS1302_SCLK=0;
  52   2              }
  53   1              DS1302_CE=0;
  54   1      }
  55          
C51 COMPILER V9.00   DS1302                                                                08/11/2023 14:37:54 PAGE 2   

  56          /**
  57            * @brief  DS1302读一个字节
  58            * @param  Command 命令字/地址
  59            * @retval 读出的数据
  60            */
  61          unsigned char DS1302_ReadByte(unsigned char Command)
  62          {
  63   1              unsigned char i,Data=0x00;
  64   1              Command|=0x01;  //将指令转换为读指令
  65   1              DS1302_CE=1;
  66   1              for(i=0;i<8;i++)
  67   1              {
  68   2                      DS1302_IO=Command&(0x01<<i);
  69   2                      DS1302_SCLK=0;
  70   2                      DS1302_SCLK=1;
  71   2              }
  72   1              for(i=0;i<8;i++)
  73   1              {
  74   2                      DS1302_SCLK=1;
  75   2                      DS1302_SCLK=0;
  76   2                      if(DS1302_IO){Data|=(0x01<<i);}
  77   2              }
  78   1              DS1302_CE=0;
  79   1              DS1302_IO=0;    //读取后将IO设置为0，否则读出的数据会出错
  80   1              return Data;
  81   1      }
  82          
  83          void DS1302_SetTime(void)
  84          {
  85   1         DS1302_WriteByte(DS1302_WP,0x00);    //关闭写保护
  86   1         DS1302_WriteByte(DS1302_YEAR,DS1302_Time[0]/10*16+DS1302_Time[0]%10);//十进制转bcd
  87   1         DS1302_WriteByte(DS1302_MONTH,DS1302_Time[1]/10*16+DS1302_Time[1]%10);
  88   1         DS1302_WriteByte(DS1302_DATE,DS1302_Time[2]/10*16+DS1302_Time[2]%10);
  89   1         DS1302_WriteByte(DS1302_HOUR,DS1302_Time[3]/10*16+DS1302_Time[3]%10);
  90   1         DS1302_WriteByte(DS1302_MINUTE,DS1302_Time[4]/10*16+DS1302_Time[4]%10);
  91   1         DS1302_WriteByte(DS1302_SECOND,DS1302_Time[5]/10*16+DS1302_Time[5]%10);
  92   1         DS1302_WriteByte(DS1302_DAY,DS1302_Time[6]/10*16+DS1302_Time[6]%10);
  93   1         DS1302_WriteByte(DS1302_WP,0x80);
  94   1      }
  95          void DS1302_ReadTime(void)
  96          {
  97   1        unsigned char Temp;
  98   1        Temp=DS1302_ReadByte(DS1302_YEAR);
  99   1        DS1302_Time[0]=Temp/16*10+Temp%16;//bcd转十进制
 100   1        Temp=DS1302_ReadByte(DS1302_MONTH);
 101   1        DS1302_Time[1]=Temp/16*10+Temp%16;//bcd转十进制
 102   1        Temp=DS1302_ReadByte(DS1302_DATE);
 103   1        DS1302_Time[2]=Temp/16*10+Temp%16;//bcd转十进制
 104   1        Temp=DS1302_ReadByte(DS1302_HOUR);
 105   1        DS1302_Time[3]=Temp/16*10+Temp%16;//bcd转十进制
 106   1        Temp=DS1302_ReadByte(DS1302_MINUTE);
 107   1        DS1302_Time[4]=Temp/16*10+Temp%16;//bcd转十进制
 108   1        Temp=DS1302_ReadByte(DS1302_SECOND);
 109   1        DS1302_Time[5]=Temp/16*10+Temp%16;//bcd转十进制
 110   1        Temp=DS1302_ReadByte(DS1302_DAY);
 111   1        DS1302_Time[6]=Temp/16*10+Temp%16;//bcd转十进制
 112   1      
 113   1      }


MODULE INFORMATION:   STATIC OVERLAYABLE
   CODE SIZE        =    397    ----
C51 COMPILER V9.00   DS1302                                                                08/11/2023 14:37:54 PAGE 3   

   CONSTANT SIZE    =   ----    ----
   XDATA SIZE       =   ----    ----
   PDATA SIZE       =   ----    ----
   DATA SIZE        =      7       2
   IDATA SIZE       =   ----    ----
   BIT SIZE         =   ----    ----
END OF MODULE INFORMATION.


C51 COMPILATION COMPLETE.  0 WARNING(S),  0 ERROR(S)
