C51 COMPILER V9.00   MAIN                                                                  08/11/2023 14:37:55 PAGE 1   


C51 COMPILER V9.00, COMPILATION OF MODULE MAIN
OBJECT MODULE PLACED IN main.OBJ
COMPILER INVOKED BY: F:\单片机\C51\BIN\C51.EXE main.c OPTIMIZE(9,SPEED) BROWSE DEBUG OBJECTEXTEND

line level    source

   1          #include<REGX52.h>
   2          #include"LCD1602.h"
   3          #include"DS1302.h"
   4          #include"Delay.h"
   5          #include"Key.h"
   6          #include"Timer0.h"
   7          unsigned char KeyNum,MODE,TimeSetSelect,TimeSetFlashFlag;
   8          //键盘，模式，调整的位，闪烁标志位
   9          void TimeShow(void)
  10          {
  11   1              DS1302_ReadTime();
  12   1          LCD_ShowNum(1,1,DS1302_Time[0],2);//显示年
  13   1              LCD_ShowNum(1,4,DS1302_Time[1],2);//显示月
  14   1              LCD_ShowNum(1,7,DS1302_Time[2],2);//显示日
  15   1              LCD_ShowNum(2,1,DS1302_Time[3],2);//显示时
  16   1              LCD_ShowNum(2,4,DS1302_Time[4],2);//显示分
  17   1              LCD_ShowNum(2,7,DS1302_Time[5],2);//显示秒
  18   1      }
  19          void TimeSet(void)//时间设置功能
  20          {
  21   1              if(KeyNum==2)//按键2按下
  22   1              {
  23   2                      TimeSetSelect++;//设置选择位加1
  24   2                      TimeSetSelect%=6;//越界清零
  25   2              }
  26   1              if(KeyNum==3)//按键3按下
  27   1              {
  28   2                      DS1302_Time[TimeSetSelect]++;//时间设置位数值加1
  29   2                      if(DS1302_Time[0]>99){DS1302_Time[0]=0;}//年越界判断
  30   2                      if(DS1302_Time[1]>12){DS1302_Time[1]=1;}//月越界判断
  31   2                      if( DS1302_Time[1]==1 || DS1302_Time[1]==3 || DS1302_Time[1]==5 || DS1302_Time[1]==7 || 
  32   2                              DS1302_Time[1]==8 || DS1302_Time[1]==10 || DS1302_Time[1]==12)//日越界判断
  33   2                      {
  34   3                              if(DS1302_Time[2]>31){DS1302_Time[2]=1;}//大月
  35   3                      }
  36   2                      else if(DS1302_Time[1]==4 || DS1302_Time[1]==6 || DS1302_Time[1]==9 || DS1302_Time[1]==11)
  37   2                      {
  38   3                              if(DS1302_Time[2]>30){DS1302_Time[2]=1;}//小月
  39   3                      }
  40   2                      else if(DS1302_Time[1]==2)
  41   2                      {
  42   3                              if(DS1302_Time[0]%4==0)
  43   3                              {
  44   4                                      if(DS1302_Time[2]>29){DS1302_Time[2]=1;}//闰年2月
  45   4                              }
  46   3                              else
  47   3                              {
  48   4                                      if(DS1302_Time[2]>28){DS1302_Time[2]=1;}//平年2月
  49   4                              }
  50   3                      }
  51   2                      if(DS1302_Time[3]>23){DS1302_Time[3]=0;}//时越界判断
  52   2                      if(DS1302_Time[4]>59){DS1302_Time[4]=0;}//分越界判断
  53   2                      if(DS1302_Time[5]>59){DS1302_Time[5]=0;}//秒越界判断
  54   2              }
  55   1              if(KeyNum==4)//按键3按下
C51 COMPILER V9.00   MAIN                                                                  08/11/2023 14:37:55 PAGE 2   

  56   1              {
  57   2                      DS1302_Time[TimeSetSelect]--;//时间设置位数值减1
  58   2                      if(DS1302_Time[0]<0){DS1302_Time[0]=99;}//年越界判断
  59   2                      if(DS1302_Time[1]<1){DS1302_Time[1]=12;}//月越界判断
  60   2                      if( DS1302_Time[1]==1 || DS1302_Time[1]==3 || DS1302_Time[1]==5 || DS1302_Time[1]==7 || 
  61   2                              DS1302_Time[1]==8 || DS1302_Time[1]==10 || DS1302_Time[1]==12)//日越界判断
  62   2                      {
  63   3                              if(DS1302_Time[2]<1){DS1302_Time[2]=31;}//大月
  64   3                              if(DS1302_Time[2]>31){DS1302_Time[2]=1;}
  65   3                      }
  66   2                      else if(DS1302_Time[1]==4 || DS1302_Time[1]==6 || DS1302_Time[1]==9 || DS1302_Time[1]==11)
  67   2                      {
  68   3                              if(DS1302_Time[2]<1){DS1302_Time[2]=30;}//小月
  69   3                              if(DS1302_Time[2]>30){DS1302_Time[2]=1;}
  70   3                      }
  71   2                      else if(DS1302_Time[1]==2)
  72   2                      {
  73   3                              if(DS1302_Time[0]%4==0)
  74   3                              {
  75   4                                      if(DS1302_Time[2]<1){DS1302_Time[2]=29;}//闰年2月
  76   4                                      if(DS1302_Time[2]>29){DS1302_Time[2]=1;}
  77   4                              }
  78   3                              else
  79   3                              {
  80   4                                      if(DS1302_Time[2]<1){DS1302_Time[2]=28;}//平年2月
  81   4                                      if(DS1302_Time[2]>28){DS1302_Time[2]=1;}
  82   4                              }
  83   3                      }
  84   2                      if(DS1302_Time[3]<0){DS1302_Time[3]=23;}//时越界判断
  85   2                      if(DS1302_Time[4]<0){DS1302_Time[4]=59;}//分越界判断
  86   2                      if(DS1302_Time[5]<0){DS1302_Time[5]=59;}//秒越界判断
  87   2              }
  88   1              //更新显示，根据TimeSetSelect和TimeSetFlashFlag判断可完成闪烁功能
  89   1              if(TimeSetSelect==0 && TimeSetFlashFlag==1){LCD_ShowString(1,1,"  ");}
  90   1              else {LCD_ShowNum(1,1,DS1302_Time[0],2);}
  91   1              if(TimeSetSelect==1 && TimeSetFlashFlag==1){LCD_ShowString(1,4,"  ");}
  92   1              else {LCD_ShowNum(1,4,DS1302_Time[1],2);}
  93   1              if(TimeSetSelect==2 && TimeSetFlashFlag==1){LCD_ShowString(1,7,"  ");}
  94   1              else {LCD_ShowNum(1,7,DS1302_Time[2],2);}
  95   1              if(TimeSetSelect==3 && TimeSetFlashFlag==1){LCD_ShowString(2,1,"  ");}
  96   1              else {LCD_ShowNum(2,1,DS1302_Time[3],2);}
  97   1              if(TimeSetSelect==4 && TimeSetFlashFlag==1){LCD_ShowString(2,4,"  ");}
  98   1              else {LCD_ShowNum(2,4,DS1302_Time[4],2);}
  99   1              if(TimeSetSelect==5 && TimeSetFlashFlag==1){LCD_ShowString(2,7,"  ");}
 100   1              else {LCD_ShowNum(2,7,DS1302_Time[5],2);}
 101   1      }
 102          
 103          void main()
 104          {
 105   1         LCD_Init();    
 106   1         DS1302_Init();
 107   1         Timer0Init();
 108   1         LCD_ShowString(1,1,"  -  -  ");//静态字符初始化显示
 109   1         LCD_ShowString(2,1,"  :  :  ");
 110   1         DS1302_SetTime(); 
 111   1         while(1)
 112   1         {
 113   2             KeyNum=Key();
 114   2                 if(KeyNum==1)
 115   2                 {
 116   3                   if(MODE==0){MODE=1;TimeSetSelect=0;}//功能切换
 117   3                       else if(MODE==1){MODE=0;DS1302_SetTime();} 
C51 COMPILER V9.00   MAIN                                                                  08/11/2023 14:37:55 PAGE 3   

 118   3                 }
 119   2                 switch(MODE)
 120   2                 {
 121   3                       case 0:TimeShow();break;
 122   3                       case 1:TimeSet();break;
 123   3                       
 124   3                 }
 125   2         }
 126   1      }
 127          
 128          void Timer0_Routine() interrupt 1 //
 129          {
 130   1        static unsigned int T0Count;
 131   1              TL0 = 0xCD;                             //设置定时初始值
 132   1              TH0 = 0xD4;                             //设置定时初始值
 133   1        T0Count++;
 134   1        if(T0Count>=500)
 135   1        {
 136   2          T0Count=0;
 137   2              TimeSetFlashFlag=!TimeSetFlashFlag;//逻辑取反,0变1，非0变0
 138   2        }
 139   1      
 140   1      }


MODULE INFORMATION:   STATIC OVERLAYABLE
   CODE SIZE        =    848    ----
   CONSTANT SIZE    =     21    ----
   XDATA SIZE       =   ----    ----
   PDATA SIZE       =   ----    ----
   DATA SIZE        =      6    ----
   IDATA SIZE       =   ----    ----
   BIT SIZE         =   ----    ----
END OF MODULE INFORMATION.


C51 COMPILATION COMPLETE.  0 WARNING(S),  0 ERROR(S)
