C51 COMPILER V9.00   MAIN                                                                  07/08/2023 12:51:05 PAGE 1   


C51 COMPILER V9.00, COMPILATION OF MODULE MAIN
OBJECT MODULE PLACED IN main.OBJ
COMPILER INVOKED BY: F:\µ¥Æ¬»ú\C51\BIN\C51.EXE main.c BROWSE DEBUG OBJECTEXTEND

line level    source

   1          #include<regx52.h>
   2          
   3          
   4          void main()
   5          {
   6   1                
   7   1                while(1)
   8   1                {
   9   2                      if(P3_1==0)
  10   2                      {
  11   3      
  12   3                          P2_0=0;
  13   3                      }  
  14   2                       else
  15   2                       {
  16   3                               P2_0=1;
  17   3                       }
  18   2                }
  19   1              
  20   1      
  21   1      }


MODULE INFORMATION:   STATIC OVERLAYABLE
   CODE SIZE        =     11    ----
   CONSTANT SIZE    =   ----    ----
   XDATA SIZE       =   ----    ----
   PDATA SIZE       =   ----    ----
   DATA SIZE        =   ----    ----
   IDATA SIZE       =   ----    ----
   BIT SIZE         =   ----    ----
END OF MODULE INFORMATION.


C51 COMPILATION COMPLETE.  0 WARNING(S),  0 ERROR(S)
