C51 COMPILER V9.00   MAIN                                                                  07/20/2023 12:19:13 PAGE 1   


C51 COMPILER V9.00, COMPILATION OF MODULE MAIN
OBJECT MODULE PLACED IN main.OBJ
COMPILER INVOKED BY: F:\µ¥Æ¬»ú\C51\BIN\C51.EXE main.c BROWSE DEBUG OBJECTEXTEND

line level    source

   1          #include<regx52.h>
   2          #include"lcd1602.h"
   3          #include"public.h"
   4          #include"MatrixKey.h"
*** WARNING C315 IN LINE 1 OF MatrixKey.h: unknown #directive 'ifndef_MATRIXKEY_H_'
*** WARNING C315 IN LINE 2 OF MatrixKey.h: unknown #directive 'define_MATRIXKEY_H_'
*** WARNING C312 IN LINE 7 OF MatrixKey.h: misplaced endif control
   5          unsigned char KeyNum;
   6          void main()
   7          {
   8   1         LCD_Init();
   9   1               
  10   1              while(1)
  11   1              {
  12   2                KeyNum=MatrixKey();
  13   2            if(KeyNum)
  14   2                {
  15   3                  LCD_ShowNum(2,1,KeyNum,2);
  16   3                }
  17   2      
  18   2              }
  19   1      }


MODULE INFORMATION:   STATIC OVERLAYABLE
   CODE SIZE        =     27    ----
   CONSTANT SIZE    =   ----    ----
   XDATA SIZE       =   ----    ----
   PDATA SIZE       =   ----    ----
   DATA SIZE        =      1    ----
   IDATA SIZE       =   ----    ----
   BIT SIZE         =   ----    ----
END OF MODULE INFORMATION.


C51 COMPILATION COMPLETE.  3 WARNING(S),  0 ERROR(S)
