C51 COMPILER V9.00   MATRIXKEY                                                             07/20/2023 12:19:14 PAGE 1   


C51 COMPILER V9.00, COMPILATION OF MODULE MATRIXKEY
OBJECT MODULE PLACED IN MatrixKey.OBJ
COMPILER INVOKED BY: F:\µ¥Æ¬»ú\C51\BIN\C51.EXE MatrixKey.c BROWSE DEBUG OBJECTEXTEND

line level    source

   1          #include<regx52.h>
   2          #include"delay.h"
   3          unsigned char MatrixKey()
   4          {
   5   1          unsigned char KeyNumber=0;
   6   1              P1=0xff;
   7   1              P1_3=0;
   8   1              if(P1_7==0){ Delay(20);while(P1_7==0); Delay(20);KeyNumber=1;}  
   9   1              if(P1_6==0){Delay(20);while(P1_6==0);Delay(20);KeyNumber=5;}    
  10   1          if(P1_5==0){Delay(20); while(P1_5==0); Delay(20);KeyNumber=9;}      
  11   1              if(P1_4==0){ Delay(20); while(P1_4==0);Delay(20);KeyNumber=13;} 
  12   1      
  13   1              P1=0xff;
  14   1              P1_2=0;
  15   1              if(P1_7==0){ Delay(20);while(P1_7==0); Delay(20);KeyNumber=2;}  
  16   1              if(P1_6==0){Delay(20);while(P1_6==0);Delay(20);KeyNumber=6;}    
  17   1          if(P1_5==0){Delay(20); while(P1_5==0); Delay(20);KeyNumber=10;}     
  18   1              if(P1_4==0){ Delay(20); while(P1_4==0);Delay(20);KeyNumber=14;} 
  19   1      
  20   1      
  21   1              P1=0xff;
  22   1              P1_1=0;
  23   1              if(P1_7==0){ Delay(20);while(P1_7==0); Delay(20);KeyNumber=3;}  
  24   1              if(P1_6==0){Delay(20);while(P1_6==0);Delay(20);KeyNumber=7;}    
  25   1          if(P1_5==0){Delay(20); while(P1_5==0); Delay(20);KeyNumber=11;}     
  26   1              if(P1_4==0){ Delay(20); while(P1_4==0);Delay(20);KeyNumber=15;} 
  27   1      
  28   1      
  29   1              P1=0xff;
  30   1              P1_0=0;
  31   1              if(P1_7==0){ Delay(20);while(P1_7==0); Delay(20);KeyNumber=4;}  
  32   1              if(P1_6==0){Delay(20);while(P1_6==0);Delay(20);KeyNumber=8;}    
  33   1          if(P1_5==0){Delay(20); while(P1_5==0); Delay(20);KeyNumber=12;}     
  34   1              if(P1_4==0){ Delay(20); while(P1_4==0);Delay(20);KeyNumber=16;} 
  35   1              return KeyNumber;  
  36   1      
  37   1      }


MODULE INFORMATION:   STATIC OVERLAYABLE
   CODE SIZE        =    393    ----
   CONSTANT SIZE    =   ----    ----
   XDATA SIZE       =   ----    ----
   PDATA SIZE       =   ----    ----
   DATA SIZE        =   ----       1
   IDATA SIZE       =   ----    ----
   BIT SIZE         =   ----    ----
END OF MODULE INFORMATION.


C51 COMPILATION COMPLETE.  0 WARNING(S),  0 ERROR(S)
