C51 COMPILER V9.00   LCD1602                                                               07/18/2023 18:45:41 PAGE 1   


C51 COMPILER V9.00, COMPILATION OF MODULE LCD1602
OBJECT MODULE PLACED IN lcd1602.OBJ
COMPILER INVOKED BY: F:\单片机\C51\BIN\C51.EXE lcd1602.c BROWSE DEBUG OBJECTEXTEND

line level    source

   1          #include "lcd1602.h"
   2          /*******************************************************************************
   3          * 函 数 名       : lcd1602_write_cmd
   4          * 函数功能               : LCD1602写命令
   5          * 输    入       : cmd：指令
   6          * 输    出       : 无
   7          *******************************************************************************/
   8          #if (LCD1602_4OR8_DATA_INTERFACE==0)//8位LCD
   9          void lcd1602_write_cmd(u8 cmd)
  10          {
  11   1              LCD1602_RS=0;//选择命令
  12   1              LCD1602_RW=0;//选择写
  13   1              LCD1602_E=0;
  14   1              LCD1602_DATAPORT=cmd;//准备命令
  15   1              delay_ms(1);
  16   1              LCD1602_E=1;//使能脚E先上升沿写入
  17   1              delay_ms(1);
  18   1              LCD1602_E=0;//使能脚E后负跳变完成写入   
  19   1      }
  20          #else   //4位LCD
              void lcd1602_write_cmd(u8 cmd)
              {
                      LCD1602_RS=0;//选择命令
                      LCD1602_RW=0;//选择写
                      LCD1602_E=0;
                      LCD1602_DATAPORT=cmd;//准备命令
                      delay_ms(1);
                      LCD1602_E=1;//使能脚E先上升沿写入
                      delay_ms(1);
                      LCD1602_E=0;//使能脚E后负跳变完成写入
                      
                      LCD1602_DATAPORT=cmd<<4;//准备命令
                      delay_ms(1);
                      LCD1602_E=1;//使能脚E先上升沿写入
                      delay_ms(1);
                      LCD1602_E=0;//使能脚E后负跳变完成写入   
              }
              #endif
  39          
  40          /*******************************************************************************
  41          * 函 数 名       : lcd1602_write_data
  42          * 函数功能               : LCD1602写数据
  43          * 输    入       : dat：数据
  44          * 输    出       : 无
  45          *******************************************************************************/
  46          #if (LCD1602_4OR8_DATA_INTERFACE==0)//8位LCD
  47          void lcd1602_write_data(u8 dat) 
  48          {
  49   1              LCD1602_RS=1;//选择数据
  50   1              LCD1602_RW=0;//选择写
  51   1              LCD1602_E=0;
  52   1              LCD1602_DATAPORT=dat;//准备数据
  53   1              delay_ms(1);
  54   1              LCD1602_E=1;//使能脚E先上升沿写入
  55   1              delay_ms(1);
C51 COMPILER V9.00   LCD1602                                                               07/18/2023 18:45:41 PAGE 2   

  56   1              LCD1602_E=0;//使能脚E后负跳变完成写入           
  57   1      }
  58          #else
              void lcd1602_write_data(u8 dat) 
              {
                      LCD1602_RS=1;//选择数据
                      LCD1602_RW=0;//选择写
                      LCD1602_E=0;
                      LCD1602_DATAPORT=dat;//准备数据
                      delay_ms(1);
                      LCD1602_E=1;//使能脚E先上升沿写入
                      delay_ms(1);
                      LCD1602_E=0;//使能脚E后负跳变完成写入
                      
                      LCD1602_DATAPORT=dat<<4;//准备数据
                      delay_ms(1);
                      LCD1602_E=1;//使能脚E先上升沿写入
                      delay_ms(1);
                      LCD1602_E=0;//使能脚E后负跳变完成写入           
              }
              #endif
  77          
  78          /*******************************************************************************
  79          * 函 数 名       : lcd1602_init
  80          * 函数功能               : LCD1602初始化
  81          * 输    入       : 无
  82          * 输    出       : 无
  83          *******************************************************************************/
  84          #if (LCD1602_4OR8_DATA_INTERFACE==0)//8位LCD
  85          void lcd1602_init(void)
  86          {
  87   1              lcd1602_write_cmd(0x38);//数据总线8位，显示2行，5*7点阵/字符
  88   1              lcd1602_write_cmd(0x0c);//显示功能开，无光标，光标闪烁
  89   1              lcd1602_write_cmd(0x06);//写入新数据后光标右移，显示屏不移动
  90   1              lcd1602_write_cmd(0x01);//清屏  
  91   1      }
  92          #else
              void lcd1602_init(void)
              {
                      lcd1602_write_cmd(0x28);//数据总线4位，显示2行，5*7点阵/字符
                      lcd1602_write_cmd(0x0c);//显示功能开，无光标，光标闪烁
                      lcd1602_write_cmd(0x06);//写入新数据后光标右移，显示屏不移动
                      lcd1602_write_cmd(0x01);//清屏  
              }
              #endif
 101          
 102          /*******************************************************************************
 103          * 函 数 名       : lcd1602_clear
 104          * 函数功能               : LCD1602清屏
 105          * 输    入       : 无
 106          * 输    出       : 无
 107          *******************************************************************************/
 108          void lcd1602_clear(void)
 109          {
 110   1              lcd1602_write_cmd(0x01);        
 111   1      }
 112          
 113          /*******************************************************************************
 114          * 函 数 名       : lcd1602_show_string
 115          * 函数功能               : LCD1602显示字符
 116          * 输    入       : x,y：显示坐标，x=0~15，y=0~1;
 117                                             str：显示字符串
C51 COMPILER V9.00   LCD1602                                                               07/18/2023 18:45:41 PAGE 3   

 118          * 输    出       : 无
 119          *******************************************************************************/
 120          void lcd1602_show_string(u8 x,u8 y,u8 *str)
 121          {
 122   1              u8 i=0;
 123   1      
 124   1              if(y>1||x>15)return;//行列参数不对则强制退出
 125   1      
 126   1              if(y<1) //第1行显示
 127   1              {       
 128   2                      while(*str!='\0')//字符串是以'\0'结尾，只要前面有内容就显示
 129   2                      {
 130   3                              if(i<16-x)//如果字符长度超过第一行显示范围，则在第二行继续显示
 131   3                              {
 132   4                                      lcd1602_write_cmd(0x80+i+x);//第一行显示地址设置        
 133   4                              }
 134   3                              else
 135   3                              {
 136   4                                      lcd1602_write_cmd(0x40+0x80+i+x-16);//第二行显示地址设置        
 137   4                              }
 138   3                              lcd1602_write_data(*str);//显示内容
 139   3                              str++;//指针递增
 140   3                              i++;    
 141   3                      }       
 142   2              }
 143   1              else    //第2行显示
 144   1              {
 145   2                      while(*str!='\0')
 146   2                      {
 147   3                              if(i<16-x) //如果字符长度超过第二行显示范围，则在第一行继续显示
 148   3                              {
 149   4                                      lcd1602_write_cmd(0x80+0x40+i+x);       
 150   4                              }
 151   3                              else
 152   3                              {
 153   4                                      lcd1602_write_cmd(0x80+i+x-16); 
 154   4                              }
 155   3                              lcd1602_write_data(*str);
 156   3                              str++;
 157   3                              i++;    
 158   3                      }       
 159   2              }                               
 160   1      }


MODULE INFORMATION:   STATIC OVERLAYABLE
   CODE SIZE        =    236    ----
   CONSTANT SIZE    =   ----    ----
   XDATA SIZE       =   ----    ----
   PDATA SIZE       =   ----    ----
   DATA SIZE        =   ----       5
   IDATA SIZE       =   ----    ----
   BIT SIZE         =   ----    ----
END OF MODULE INFORMATION.


C51 COMPILATION COMPLETE.  0 WARNING(S),  0 ERROR(S)
