C51 COMPILER V9.00   MAIN                                                                  08/21/2023 16:26:34 PAGE 1   


C51 COMPILER V9.00, COMPILATION OF MODULE MAIN
OBJECT MODULE PLACED IN main.OBJ
COMPILER INVOKED BY: F:\单片机\C51\BIN\C51.EXE main.c BROWSE DEBUG OBJECTEXTEND

line level    source

   1          #include<regx52.h>
   2          #include "Key.h"
*** WARNING C318 IN LINE 2 OF main.c: can't open file 'Key.h'
   3          #include "LCD1602.h"
   4          #include"AT24C02.h"
   5          #include"I2C.h"
   6          #include"Delay.h"
   7          unsigned char KeyNum;
   8          unsigned int Num;
   9          void main()
  10          {
  11   1         LCD_Init();
  12   1         LCD_ShowNum(1,1,Num,5);
  13   1         while(1)
  14   1         {
  15   2                KeyNum=Key();
*** WARNING C206 IN LINE 15 OF MAIN.C: 'Key': missing function-prototype
  16   2                if(KeyNum==1)
  17   2                {
  18   3                  Num++;
  19   3                      LCD_ShowNum(1,1,Num,5);
  20   3                }
  21   2                if(KeyNum==2)
  22   2                {
  23   3                  Num--;
  24   3                      LCD_ShowNum(1,1,Num,5);
  25   3                }
  26   2                if(KeyNum==3)
  27   2                {
  28   3                  AT24C02_WriteByte(0,Num%256); //写入低八位
  29   3                      Delay(5);
  30   3                      AT24C02_WriteByte(1,Num/256);//写入高八位
  31   3                      Delay(5);
  32   3                      LCD_ShowString(2,1,"Write ok");
  33   3                      Delay(1000);
  34   3                      LCD_ShowString(2,1,"        ");
  35   3                }
  36   2                if(KeyNum==4)//读
  37   2                {
  38   3                  Num=AT24C02_ReadByte(0);
  39   3                      Num|=AT24C02_ReadByte(1)<<8; //复原
  40   3                      LCD_ShowNum(1,1,Num,5);
  41   3                                      LCD_ShowString(2,1,"Read ok");
  42   3                      Delay(1000);
  43   3                      LCD_ShowString(2,1,"        ");
  44   3                }
  45   2         }
  46   1      
  47   1      }


MODULE INFORMATION:   STATIC OVERLAYABLE
   CODE SIZE        =    223    ----
   CONSTANT SIZE    =     26    ----
   XDATA SIZE       =   ----    ----
C51 COMPILER V9.00   MAIN                                                                  08/21/2023 16:26:34 PAGE 2   

   PDATA SIZE       =   ----    ----
   DATA SIZE        =      3    ----
   IDATA SIZE       =   ----    ----
   BIT SIZE         =   ----    ----
END OF MODULE INFORMATION.


C51 COMPILATION COMPLETE.  2 WARNING(S),  0 ERROR(S)
