C51 COMPILER V9.00   LCD1602                                                               08/11/2023 00:25:34 PAGE 1   


C51 COMPILER V9.00, COMPILATION OF MODULE LCD1602
OBJECT MODULE PLACED IN lcd1602.OBJ
COMPILER INVOKED BY: F:\单片机\C51\BIN\C51.EXE lcd1602.c BROWSE DEBUG OBJECTEXTEND

line level    source

   1          #include <REGx52.H>
   2           
   3          //引脚配置：
   4          sbit LCD_RS=P2^6;
   5          sbit LCD_RW=P2^5;
   6          sbit LCD_EN=P2^7;
   7          #define LCD_DataPort P0
   8          
   9          //函数定义：
  10          /**
  11            * @brief  LCD1602延时函数，12MHz调用可延时1ms
  12            * @param  无
  13            * @retval 无
  14            */
  15          void LCD_Delay()
  16          {
  17   1              unsigned char i, j;
  18   1      
  19   1              i = 2;
  20   1              j = 239;
  21   1              do
  22   1              {
  23   2                      while (--j);
  24   2              } while (--i);
  25   1      }
  26          
  27          /**
  28            * @brief  LCD1602写命令
  29            * @param  Command 要写入的命令
  30            * @retval 无
  31            */
  32          void LCD_WriteCommand(unsigned char Command)
  33          {
  34   1              LCD_RS=0;
  35   1              LCD_RW=0;
  36   1              LCD_EN=0;
  37   1              LCD_DataPort=Command;
  38   1              
  39   1              LCD_Delay();
  40   1              LCD_EN=1;
  41   1      
  42   1              LCD_Delay();
  43   1              LCD_EN=0;
  44   1      }
  45          
  46          /**
  47            * @brief  LCD1602写数据
  48            * @param  Data 要写入的数据
  49            * @retval 无
  50            */
  51          void LCD_WriteData(unsigned char Data)
  52          {
  53   1              LCD_RS=1;
  54   1              LCD_RW=0;
  55   1              LCD_EN=0;
C51 COMPILER V9.00   LCD1602                                                               08/11/2023 00:25:34 PAGE 2   

  56   1              LCD_DataPort=Data;
  57   1              
  58   1              LCD_Delay();
  59   1              LCD_EN=1;
  60   1      
  61   1              LCD_Delay();
  62   1              LCD_EN=0;
  63   1      }
  64          
  65          
  66          /**
  67            * @brief  LCD1602设置光标位置
  68            * @param  Line 行位置，范围：1~2
  69            * @param  Column 列位置，范围：1~16
  70            * @retval 无
  71            */
  72          void LCD_SetCursor(unsigned char Line,unsigned char Column)
  73          {
  74   1              if(Line==1)
  75   1              {
  76   2                      LCD_WriteCommand(0x80|(Column-1));
  77   2              }
  78   1              else if(Line==2)
  79   1              {
  80   2                      LCD_WriteCommand(0x80|(Column-1+0x40));
  81   2              }
  82   1      }
  83          
  84          /**
  85            * @brief  LCD1602初始化函数
  86            * @param  无
  87            * @retval 无
  88            */
  89          void LCD_Init()
  90          {
  91   1              LCD_WriteCommand(0x38);//八位数据接口，两行显示，5*7点阵
  92   1              LCD_WriteCommand(0x0c);//显示开，光标关，闪烁关
  93   1              LCD_WriteCommand(0x06);//数据读写操作后，光标自动加一，画面不动
  94   1              LCD_WriteCommand(0x01);//光标复位，清屏
  95   1      }
  96          
  97          /**
  98            * @brief  在LCD1602指定位置上显示一个字符
  99            * @param  Line 行位置，范围：1~2
 100            * @param  Column 列位置，范围：1~16
 101            * @param  Char 要显示的字符
 102            * @retval 无
 103            */
 104          void LCD_ShowChar(unsigned char Line,unsigned char Column,char Char)
 105          {
 106   1              LCD_SetCursor(Line,Column);
 107   1              LCD_WriteData(Char);
 108   1      }
 109          
 110          /**
 111            * @brief  在LCD1602指定位置开始显示所给字符串
 112            * @param  Line 起始行位置，范围：1~2
 113            * @param  Column 起始列位置，范围：1~16
 114            * @param  String 要显示的字符串
 115            * @retval 无
 116            */
 117          void LCD_ShowString(unsigned char Line,unsigned char Column,char *String)
C51 COMPILER V9.00   LCD1602                                                               08/11/2023 00:25:34 PAGE 3   

 118          {
 119   1              unsigned char i;
 120   1              LCD_SetCursor(Line,Column);
 121   1              for(i=0;String[i]!='\0';i++)
 122   1              {
 123   2                      LCD_WriteData(String[i]);
 124   2              }
 125   1      }
 126          
 127          /**
 128            * @brief  返回值=X的Y次方
 129            */
 130          int LCD_Pow(int X,int Y)
 131          {
 132   1              unsigned char i;
 133   1              int Result=1;
 134   1              for(i=0;i<Y;i++)
 135   1              {
 136   2                      Result*=X;
 137   2              }
 138   1              return Result;
 139   1      }
 140          
 141          /**
 142            * @brief  在LCD1602指定位置开始显示所给数字
 143            * @param  Line 起始行位置，范围：1~2
 144            * @param  Column 起始列位置，范围：1~16
 145            * @param  Number 要显示的数字，范围：0~65535
 146            * @param  Length 要显示数字的长度，范围：1~5
 147            * @retval 无
 148            */
 149          void LCD_ShowNum(unsigned char Line,unsigned char Column,unsigned int Number,unsigned char Length)
 150          {
 151   1              unsigned char i;
 152   1              LCD_SetCursor(Line,Column);
 153   1              for(i=Length;i>0;i--)
 154   1              {
 155   2                      LCD_WriteData(Number/LCD_Pow(10,i-1)%10+'0');
 156   2              }
 157   1      }
 158          
 159          /**
 160            * @brief  在LCD1602指定位置开始以有符号十进制显示所给数字
 161            * @param  Line 起始行位置，范围：1~2
 162            * @param  Column 起始列位置，范围：1~16
 163            * @param  Number 要显示的数字，范围：-32768~32767
 164            * @param  Length 要显示数字的长度，范围：1~5
 165            * @retval 无
 166            */
 167          void LCD_ShowSignedNum(unsigned char Line,unsigned char Column,int Number,unsigned char Length)
 168          {
 169   1              unsigned char i;
 170   1              unsigned int Number1;
 171   1              LCD_SetCursor(Line,Column);
 172   1              if(Number>=0)
 173   1              {
 174   2                      LCD_WriteData('+');
 175   2                      Number1=Number;
 176   2              }
 177   1              else
 178   1              {
 179   2                      LCD_WriteData('-');
C51 COMPILER V9.00   LCD1602                                                               08/11/2023 00:25:34 PAGE 4   

 180   2                      Number1=-Number;
 181   2              }
 182   1              for(i=Length;i>0;i--)
 183   1              {
 184   2                      LCD_WriteData(Number1/LCD_Pow(10,i-1)%10+'0');
 185   2              }
 186   1      }
 187          
 188          /**
 189            * @brief  在LCD1602指定位置开始以十六进制显示所给数字
 190            * @param  Line 起始行位置，范围：1~2
 191            * @param  Column 起始列位置，范围：1~16
 192            * @param  Number 要显示的数字，范围：0~0xFFFF
 193            * @param  Length 要显示数字的长度，范围：1~4
 194            * @retval 无
 195            */
 196          void LCD_ShowHexNum(unsigned char Line,unsigned char Column,unsigned int Number,unsigned char Length)
 197          {
 198   1              unsigned char i,SingleNumber;
 199   1              LCD_SetCursor(Line,Column);
 200   1              for(i=Length;i>0;i--)
 201   1              {
 202   2                      SingleNumber=Number/LCD_Pow(16,i-1)%16;
 203   2                      if(SingleNumber<10)
 204   2                      {
 205   3                              LCD_WriteData(SingleNumber+'0');
 206   3                      }
 207   2                      else
 208   2                      {
 209   3                              LCD_WriteData(SingleNumber-10+'A');
 210   3                      }
 211   2              }
 212   1      }
 213          
 214          /**
 215            * @brief  在LCD1602指定位置开始以二进制显示所给数字
 216            * @param  Line 起始行位置，范围：1~2
 217            * @param  Column 起始列位置，范围：1~16
 218            * @param  Number 要显示的数字，范围：0~1111 1111 1111 1111
 219            * @param  Length 要显示数字的长度，范围：1~16
 220            * @retval 无
 221            */
 222          void LCD_ShowBinNum(unsigned char Line,unsigned char Column,unsigned int Number,unsigned char Length)
 223          {
 224   1              unsigned char i;
 225   1              LCD_SetCursor(Line,Column);
 226   1              for(i=Length;i>0;i--)
 227   1              {
 228   2                      LCD_WriteData(Number/LCD_Pow(2,i-1)%2+'0');
 229   2              }
 230   1      }


MODULE INFORMATION:   STATIC OVERLAYABLE
   CODE SIZE        =    394    ----
   CONSTANT SIZE    =   ----    ----
   XDATA SIZE       =   ----    ----
   PDATA SIZE       =   ----    ----
   DATA SIZE        =   ----      29
   IDATA SIZE       =   ----    ----
   BIT SIZE         =   ----    ----
END OF MODULE INFORMATION.

C51 COMPILER V9.00   LCD1602                                                               08/11/2023 00:25:34 PAGE 5   


C51 COMPILATION COMPLETE.  0 WARNING(S),  0 ERROR(S)
