C51 COMPILER V9.00   MAIN                                                                  08/14/2023 15:01:17 PAGE 1   


C51 COMPILER V9.00, COMPILATION OF MODULE MAIN
OBJECT MODULE PLACED IN main.OBJ
COMPILER INVOKED BY: F:\µ¥Æ¬»ú\C51\BIN\C51.EXE main.c BROWSE DEBUG OBJECTEXTEND

line level    source

   1          #include<regx52.h>
   2          #include"Delay.h"
   3          #include"Key.h"
   4          #include"Nixie.h"
   5          #include"Buzzer.h"
   6          unsigned char KeyNum;
   7          
   8          void main()
   9          {
  10   1         Nixie(1,0);
  11   1         while(1)
  12   1         {
  13   2                KeyNum=Key();
  14   2                 
  15   2                if(KeyNum)
  16   2                {
  17   3                  Buzzer_Time(500);    
  18   3                      Nixie(1,KeyNum);
  19   3               
  20   3                }
  21   2         }
  22   1      
  23   1      }


MODULE INFORMATION:   STATIC OVERLAYABLE
   CODE SIZE        =     36    ----
   CONSTANT SIZE    =   ----    ----
   XDATA SIZE       =   ----    ----
   PDATA SIZE       =   ----    ----
   DATA SIZE        =      1    ----
   IDATA SIZE       =   ----    ----
   BIT SIZE         =   ----    ----
END OF MODULE INFORMATION.


C51 COMPILATION COMPLETE.  0 WARNING(S),  0 ERROR(S)
