C51 COMPILER V9.00   MAIN                                                                  08/10/2023 23:25:20 PAGE 1   


C51 COMPILER V9.00, COMPILATION OF MODULE MAIN
OBJECT MODULE PLACED IN main.OBJ
COMPILER INVOKED BY: F:\单片机\C51\BIN\C51.EXE main.c BROWSE DEBUG OBJECTEXTEND

line level    source

   1          #include<REGX52.h>
   2          #include"LCD1602.h"
   3          #include"DS1302.h"
   4          #include"Delay.h"
   5          unsigned char Second,Minute;
   6          void main()
   7          {
   8   1         LCD_Init();    
   9   1         DS1302_Init();
  10   1         LCD_ShowString(1,1,"  -  -  ");//静态字符初始化显示
  11   1         LCD_ShowString(2,1,"  :  :  ");
  12   1         DS1302_SetTime(); 
  13   1         while(1)
  14   1         {
  15   2                 DS1302_ReadTime();
  16   2             LCD_ShowNum(1,1,DS1302_Time[0],2);//显示年
  17   2                 LCD_ShowNum(1,4,DS1302_Time[1],2);//显示月
  18   2                 LCD_ShowNum(1,7,DS1302_Time[2],2);//显示日
  19   2                 LCD_ShowNum(2,1,DS1302_Time[3],2);//显示时
  20   2                 LCD_ShowNum(2,4,DS1302_Time[4],2);//显示分
  21   2                 LCD_ShowNum(2,7,DS1302_Time[5],2);//显示秒
  22   2                 
  23   2         }
  24   1      }


MODULE INFORMATION:   STATIC OVERLAYABLE
   CODE SIZE        =    130    ----
   CONSTANT SIZE    =     18    ----
   XDATA SIZE       =   ----    ----
   PDATA SIZE       =   ----    ----
   DATA SIZE        =      2    ----
   IDATA SIZE       =   ----    ----
   BIT SIZE         =   ----    ----
END OF MODULE INFORMATION.


C51 COMPILATION COMPLETE.  0 WARNING(S),  0 ERROR(S)
