C51 COMPILER V9.00   MAIN                                                                  08/27/2023 18:10:14 PAGE 1   


C51 COMPILER V9.00, COMPILATION OF MODULE MAIN
OBJECT MODULE PLACED IN main.OBJ
COMPILER INVOKED BY: F:\µ¥Æ¬»ú\C51\BIN\C51.EXE main.c BROWSE DEBUG OBJECTEXTEND

line level    source

   1          #include <REGX52.H>
   2          #include"lcd1602.h"
   3          #include"Delay.h"
   4          #include"XPT2046.h"
   5          unsigned int ADValue;
   6           void main()
   7           {
   8   1          LCD_Init();
   9   1              LCD_ShowString(1,1,"ADJ  NTC  RG");
  10   1               
  11   1          while(1)
  12   1              {
  13   2                ADValue=XPT2046_ReadAD(XPT2046_XP);
  14   2                LCD_ShowNum(2,1,ADValue,3);
  15   2                ADValue=XPT2046_ReadAD(XPT2046_YP);
  16   2                LCD_ShowNum(2,6,ADValue,3);
  17   2                ADValue=XPT2046_ReadAD(XPT2046_VBAT);
  18   2                LCD_ShowNum(2,11,ADValue,3);
  19   2                Delay(10);
  20   2              }
  21   1      
  22   1      }


MODULE INFORMATION:   STATIC OVERLAYABLE
   CODE SIZE        =     94    ----
   CONSTANT SIZE    =     13    ----
   XDATA SIZE       =   ----    ----
   PDATA SIZE       =   ----    ----
   DATA SIZE        =      2    ----
   IDATA SIZE       =   ----    ----
   BIT SIZE         =   ----    ----
END OF MODULE INFORMATION.


C51 COMPILATION COMPLETE.  0 WARNING(S),  0 ERROR(S)
