C51 COMPILER V9.00   MAIN                                                                  08/07/2023 15:37:02 PAGE 1   


C51 COMPILER V9.00, COMPILATION OF MODULE MAIN
OBJECT MODULE PLACED IN main.OBJ
COMPILER INVOKED BY: F:\单片机\C51\BIN\C51.EXE main.c BROWSE DEBUG OBJECTEXTEND

line level    source

   1          #include<regx52.h>
   2          #include"Delay.h"
   3          #include"UART.h"
   4           unsigned char Sec;
   5          void main()
   6          {
   7   1        UART_Init();
   8   1       
   9   1         while(1)
  10   1         {
  11   2                 
  12   2         }
  13   1        
  14   1      }
  15          
  16          void UART_Routine() interrupt 4
  17          {
  18   1         if(RI==1) //溢出
  19   1         {
  20   2               P2=~SBUF; //读数据
  21   2               UART_SendByte(SBUF);//发送给电脑
  22   2               RI=0;//清零，接收中断标志位
  23   2         }
  24   1      }


MODULE INFORMATION:   STATIC OVERLAYABLE
   CODE SIZE        =     76    ----
   CONSTANT SIZE    =   ----    ----
   XDATA SIZE       =   ----    ----
   PDATA SIZE       =   ----    ----
   DATA SIZE        =      1    ----
   IDATA SIZE       =   ----    ----
   BIT SIZE         =   ----    ----
END OF MODULE INFORMATION.


C51 COMPILATION COMPLETE.  0 WARNING(S),  0 ERROR(S)
