C51 COMPILER V9.00   UART                                                                  08/07/2023 15:37:02 PAGE 1   


C51 COMPILER V9.00, COMPILATION OF MODULE UART
OBJECT MODULE PLACED IN UART.OBJ
COMPILER INVOKED BY: F:\单片机\C51\BIN\C51.EXE UART.c BROWSE DEBUG OBJECTEXTEND

line level    source

   1           #include<regx52.h>
   2          /**
   3            * @brief 串口初始化   4800bps@11.0592MHz
   4            *     @param  无
   5            *     @retval 无
   6          */
   7          
   8          void UART_Init()
   9          {
  10   1        PCON &= 0x7F;         //波特率不倍速
  11   1        SCON = 0x50;          //8位数据,可变波特率
  12   1        TMOD &= 0x0F;                 //设置定时器模式
  13   1        TMOD|=0x20;                           //设置定时器模式
  14   1              TL1 = 0xFA;                     //设置定时初始值
  15   1              TH1 = 0xFA;                     //设置定时重载值
  16   1              ET1 = 0;                        //禁止定时器中断
  17   1              TR1 = 1;                        //定时器1开始计时
  18   1              EA=1;
  19   1              ES=1;
  20   1      }
  21          
  22          /**
  23            * @brief 串口发送一个字节数据
  24            *     @param  无
  25            *     @retval 无
  26          */
  27          void UART_SendByte(unsigned char Byte)
  28          {
  29   1              SBUF=Byte;
  30   1              while(TI==0);
  31   1              TI=0;
  32   1      
  33   1      }


MODULE INFORMATION:   STATIC OVERLAYABLE
   CODE SIZE        =     35    ----
   CONSTANT SIZE    =   ----    ----
   XDATA SIZE       =   ----    ----
   PDATA SIZE       =   ----    ----
   DATA SIZE        =   ----    ----
   IDATA SIZE       =   ----    ----
   BIT SIZE         =   ----    ----
END OF MODULE INFORMATION.


C51 COMPILATION COMPLETE.  0 WARNING(S),  0 ERROR(S)
