C51 COMPILER V9.00   BUZZER                                                                08/15/2023 00:02:01 PAGE 1   


C51 COMPILER V9.00, COMPILATION OF MODULE BUZZER
OBJECT MODULE PLACED IN Buzzer.OBJ
COMPILER INVOKED BY: F:\单片机\C51\BIN\C51.EXE Buzzer.c BROWSE DEBUG OBJECTEXTEND

line level    source

   1          #include<regx52.h>
   2          #include<intrins.h>
   3           
   4          sbit Buzzer=P2^5;
   5          unsigned int i;
   6          /**
   7            * @brief 蜂鸣器专属延时函数 
   8            *     @param   
   9            *     @retval 
  10          */
  11          void Buzzer_Delay500us()                //@11.0592MHz
  12          {
  13   1              unsigned char data i;
  14   1      
  15   1              _nop_();
  16   1              i = 227;
  17   1              while (--i);
  18   1      }
  19          
  20          
  21          /**
  22            * @brief 蜂鸣器发生时间
  23            *     @param   
  24            *     @retval 
  25          */
  26          void Buzzer_Time(unsigned int ms)
  27          {
  28   1        for(i=0;i<2*ms;i++)
  29   1        {
  30   2          Buzzer=!Buzzer;
  31   2           Buzzer_Delay500us();
  32   2        }
  33   1      }


MODULE INFORMATION:   STATIC OVERLAYABLE
   CODE SIZE        =     47    ----
   CONSTANT SIZE    =   ----    ----
   XDATA SIZE       =   ----    ----
   PDATA SIZE       =   ----    ----
   DATA SIZE        =      2    ----
   IDATA SIZE       =   ----    ----
   BIT SIZE         =   ----    ----
END OF MODULE INFORMATION.


C51 COMPILATION COMPLETE.  0 WARNING(S),  0 ERROR(S)
