C51 COMPILER V9.00   MAIN                                                                  09/02/2023 16:38:28 PAGE 1   


C51 COMPILER V9.00, COMPILATION OF MODULE MAIN
OBJECT MODULE PLACED IN main.OBJ
COMPILER INVOKED BY: F:\单片机\C51\BIN\C51.EXE main.c BROWSE DEBUG OBJECTEXTEND

line level    source

   1          #include <REGX52.H>
   2          #include"Delay.h"
   3          #include"Timer0.h"
   4          sbit Buzzer=P2^5;
   5          //播放速度，值为四分音符的时长(ms)
   6          #define SPEED  513
   7          
   8          //P：休止符，L：低音，M：中音，H：高音，下划线：升半音符号#
   9          #define P       0
  10          #define L1      1
  11          #define L1_     2
  12          #define L2      3
  13          #define L2_     4
  14          #define L3      5
  15          #define L4      6
  16          #define L4_     7
  17          #define L5      8
  18          #define L5_     9
  19          #define L6      10
  20          #define L6_     11
  21          #define L7      12
  22          #define M1      13
  23          #define M1_     14
  24          #define M2      15
  25          #define M2_     16
  26          #define M3      17
  27          #define M4      18
  28          #define M4_     19
  29          #define M5      20
  30          #define M5_     21
  31          #define M6      22
  32          #define M6_     23
  33          #define M7      24
  34          #define H1      25
  35          #define H1_     26
  36          #define H2      27
  37          #define H2_     28
  38          #define H3      29
  39          #define H4      30
  40          #define H4_     31
  41          #define H5      32
  42          #define H5_     33
  43          #define H6      34
  44          #define H6_     35
  45          #define H7      36
  46          
  47          //索引与频率对照表
  48          unsigned int FreqTable[]={
  49                  0,
  50          51465,52255,53000,53704,54368,54995,55586,56145,56672,57169,57639,58082,
  51          58500,58895,59268,59620,59952,60265,60561,60840,61104,
  52          61353,61587,61809,62018,62216,62402,62578,62744,62901,
  53          63049,63188,63320,63444,63562,63673
  54          };
  55          
C51 COMPILER V9.00   MAIN                                                                  09/02/2023 16:38:28 PAGE 2   

  56          //乐谱
  57          unsigned char code Music[]={
  58                  //前奏
  59              M5,2,
  60                  M7,2,
  61                  H1,2,
  62                  H2,2,
  63                  H2,2,
  64                  H1,2,
  65                  H2,2,
  66                  H5,2,
  67          
  68                  H5,2,
  69                  H4,2,
  70                  H3,2,
  71                  H4,2,
  72                  H3,1,
  73              H4,1,
  74                  H3,1,
  75                  H2,1,
  76                  H1,2,
  77                  M7,2,
  78          
  79                  M1,2,
  80                  H1,2,
  81                  H2,2,
  82                  M7,4,
  83                  M5,4,
  84                  M6,4,
  85          
  86          
  87              //呆唯
  88                  P,4,
  89                  M3,4,
  90                  M1,2,
  91                  M3,2,
  92                  M4,2,
  93                  M5,2,
  94                  M4,2,
  95                  M3,2,
  96                  M2,2,
  97                  M1,2,
  98                  M3,6,
  99          
 100                  M1,2,
 101                  M3,2,
 102                  M4,2,
 103                  M5,2,
 104                  M4,2,
 105                  M3,2,
 106                  M2,2,
 107                  M3,2,
 108                  M2,2,
 109                  M1,6,
 110          
 111                  M1,2,
 112                  M3,4,
 113                  M2,2,
 114                  M1,6,
 115          
 116                  M2,2,
 117                  M3,2,
C51 COMPILER V9.00   MAIN                                                                  09/02/2023 16:38:28 PAGE 3   

 118                  M4,2,
 119                  M3,2,
 120                  M4,2,
 121                  M3,2,
 122                  M4,2,
 123                  M3,2,
 124                  M1,2,
 125                  M3,2,
 126                  M2,8,
 127          
 128                  //mio
 129                  M3,6,
 130                  M1,2,
 131                  M3,2,
 132                  M4,2,
 133                  M5,2,
 134                  M4,2,
 135                  M3,2,
 136                  M2,2,
 137                  M1,2,
 138                  M3,6,
 139          
 140                  M1,2,
 141                  M3,2,
 142                  M4,2,
 143                  M5,2,
 144                  M4,2,
 145                  M3,2,
 146                  M2,2,
 147                  M3,2,
 148                  M2,2,
 149                  M1,6,
 150          
 151                  M2,2,
 152                  M3,2,
 153                  M4,2,
 154                  M3,2,
 155                  M4,2,
 156                  M3,2,
 157                  M4,2,
 158                  M3,2,
 159                  M1,2,
 160                  M3,2,
 161                  M2,6,
 162          
 163                  //律
 164                  M1,4,
 165                  M3,4,
 166                  M5,4,
 167          
 168                  M6,2,
 169                  M6,2,
 170                  M6,2,
 171                  M4,2,
 172                  M3,2,
 173                  M2,2,
 174                  M3,2,
 175                  M4,2,
 176                  M4,2,
 177          
 178                  M5,2,
 179                  M5,4,
C51 COMPILER V9.00   MAIN                                                                  09/02/2023 16:38:28 PAGE 4   

 180                  M3,2,
 181                  M5,4,
 182                  M6,4,
 183          
 184                  M3,4,
 185                  M2,4,
 186                  M1,6,
 187                  M1,2,
 188          
 189                  M4,6,
 190                  M1,2,
 191                  M4,6,
 192                  M4,2,
 193          
 194                  M5,6,
 195                  M3,2,
 196                  M2,2,
 197                  M1,6,
 198          
 199                  M2,2,
 200                  M3,2,
 201                  M4,2,
 202                  M3,2,
 203                  M4,2,
 204                  M3,2,
 205                  M4,2,
 206                  M4,2,
 207                  M5,2,
 208                  M5,2,
 209                  M6,4,
 210                  M5,4,
 211                  M6,4,
 212                  M7,4,
 213          
 214                  M2,4,
 215                  M1,2,
 216                  M1,4,
 217                  M3,4,
 218                  M6,4,
 219                  M5,2,
 220                  M5,2,
 221                  M2,2,
 222          
 223                  M2,4,
 224                  M1,2,
 225                  M1,4,
 226                  M3,2,
 227          
 228                  M6,4,
 229                  M5,2,
 230                  M5,4,
 231                  M5,2,
 232          
 233                  M6,4,
 234                  M4,2,
 235                  M1,2,
 236                  M7,4,
 237                  M7,2,
 238                  M1,2,
 239                  M2,2,
 240                  M7,2,
 241                  M2,2,
C51 COMPILER V9.00   MAIN                                                                  09/02/2023 16:38:28 PAGE 5   

 242                  M1,4,
 243                  M3,2,
 244          
 245                  M4,6,
 246                  M3,2,
 247                  M4,4,
 248                  M5,4,
 249          
 250                  M2,2,
 251                  M2,2,
 252                  M3,2,
 253                  M2,2,
 254                  M1,2,
 255                  M1,2,
 256          
 257                  //
 258                  M2,4,
 259                  M1,2,
 260                  M1,4,
 261                  M3,4,
 262                  M6,4,
 263                  M5,2,
 264                  M5,2,
 265                  M2,2,
 266          
 267                  H2,4,
 268                  H1,2,
 269                  H1,4,
 270                  M3,2,
 271          
 272                  M6,6,
 273                  M5,2,
 274                  M5,6,
 275          
 276                  M5,2,
 277                  M6_,2,
 278                  M4,4,
 279                  M3,2,
 280                  M2,2,
 281                  M2,2,
 282                  M3,2,
 283                  M5,4,
 284                  M3,2,
 285                  M7,4,
 286                  M6,6,
 287          
 288                  M3,2,
 289                  M4,4,
 290                  M4,2,
 291                  M4,2,
 292                  M5,2,
 293                  M3,4,
 294                  M2,4,
 295          
 296                  M1,4,
 297                  M2,2,
 298                  M2,2,
 299                  M1,2,
 300                  M1,2,
 301          
 302                  0xFF    //终止标志
 303          };
C51 COMPILER V9.00   MAIN                                                                  09/02/2023 16:38:28 PAGE 6   

 304          unsigned char FreqSelect,MusicSelect;
 305          
 306          void main()
 307          {
 308   1              Timer0Init();
 309   1              while(1)
 310   1              {
 311   2                      if(Music[MusicSelect]!=0xFF)    //如果不是停止标志位
 312   2                      {
 313   3                              FreqSelect=Music[MusicSelect];  //选择音符对应的频率
 314   3                              MusicSelect++;
 315   3                              Delay(SPEED/4*Music[MusicSelect]);      //选择音符对应的时值
 316   3                              MusicSelect++;
 317   3                              TR0=0;//关闭定时器
 318   3                              Delay(5);       //音符间短暂停顿
 319   3                              TR0=1;//打开定时器
 320   3                      }
 321   2                      else    //如果是停止标志位
 322   2                      {
 323   3                              TR0=0;
 324   3                              while(1);
 325   3                      }
 326   2              }
 327   1      }
 328          
 329          void Timer0_Routine() interrupt 1
 330          {
 331   1              if(FreqTable[FreqSelect])       //如果不是休止符
 332   1              {
 333   2                      /*取对应频率值的重装载值到定时器*/
 334   2                      TL0 = FreqTable[FreqSelect]%256;                //设置定时初值
 335   2                      TH0 = FreqTable[FreqSelect]/256;                //设置定时初值
 336   2                      Buzzer=!Buzzer; //翻转蜂鸣器IO口
 337   2              }
 338   1      }


MODULE INFORMATION:   STATIC OVERLAYABLE
   CODE SIZE        =    101    ----
   CONSTANT SIZE    =    419    ----
   XDATA SIZE       =   ----    ----
   PDATA SIZE       =   ----    ----
   DATA SIZE        =     76    ----
   IDATA SIZE       =   ----    ----
   BIT SIZE         =   ----    ----
END OF MODULE INFORMATION.


C51 COMPILATION COMPLETE.  0 WARNING(S),  0 ERROR(S)
