C51 COMPILER V9.00   MAIN                                                                  07/08/2023 12:59:51 PAGE 1   


C51 COMPILER V9.00, COMPILATION OF MODULE MAIN
OBJECT MODULE PLACED IN main.OBJ
COMPILER INVOKED BY: F:\µ¥Æ¬»ú\C51\BIN\C51.EXE main.c BROWSE DEBUG OBJECTEXTEND

line level    source

   1           #include<regx52.h>
   2           void Delay (unsigned int xms)          //@12.000MHz
   3          {
   4   1              unsigned char data i, j;
   5   1              while(xms--)
   6   1              {
   7   2                       i = 2;
   8   2                      j = 239;
   9   2                      do
  10   2                      {
  11   3                              while (--j);
  12   3                      } while (--i);
  13   2              }
  14   1              
  15   1      }
  16          void main()
  17          {
  18   1              while(1)
  19   1              {
  20   2               if(P3_1==0)
  21   2               {
  22   3                 Delay(20);
  23   3                 while(!P3_1);
  24   3                  Delay(20);
  25   3                 P2_0=~P2_0;
  26   3               }
  27   2               
  28   2              }
  29   1      
  30   1      }


MODULE INFORMATION:   STATIC OVERLAYABLE
   CODE SIZE        =     45    ----
   CONSTANT SIZE    =   ----    ----
   XDATA SIZE       =   ----    ----
   PDATA SIZE       =   ----    ----
   DATA SIZE        =   ----    ----
   IDATA SIZE       =   ----    ----
   BIT SIZE         =   ----    ----
END OF MODULE INFORMATION.


C51 COMPILATION COMPLETE.  0 WARNING(S),  0 ERROR(S)
