C51 COMPILER V9.00   MAIN                                                                  07/08/2023 12:29:31 PAGE 1   


C51 COMPILER V9.00, COMPILATION OF MODULE MAIN
OBJECT MODULE PLACED IN main.OBJ
COMPILER INVOKED BY: F:\µ¥Æ¬»ú\C51\BIN\C51.EXE main.c BROWSE DEBUG OBJECTEXTEND

line level    source

   1            #include<regx52.h>
   2            void Delay(unsigned  int xms)         //@12.000MHz
   3          {
   4   1              unsigned char i, j;
   5   1      for(i=0;i<xms;i++)
   6   1      for(j=0;j<xms;j++);
   7   1          
   8   1      }
   9          
  10            void main()
  11            {
  12   1        while(1)
  13   1        {
  14   2               P2=0xfe;
  15   2               Delay(200);
  16   2               P2=0xef;
  17   2               Delay(200);
  18   2        }
  19   1               
  20   1      
  21   1        }


MODULE INFORMATION:   STATIC OVERLAYABLE
   CODE SIZE        =     43    ----
   CONSTANT SIZE    =   ----    ----
   XDATA SIZE       =   ----    ----
   PDATA SIZE       =   ----    ----
   DATA SIZE        =   ----    ----
   IDATA SIZE       =   ----    ----
   BIT SIZE         =   ----    ----
END OF MODULE INFORMATION.


C51 COMPILATION COMPLETE.  0 WARNING(S),  0 ERROR(S)
