C51 COMPILER V9.00   MAIN                                                                  08/26/2023 00:17:14 PAGE 1   


C51 COMPILER V9.00, COMPILATION OF MODULE MAIN
OBJECT MODULE PLACED IN main.OBJ
COMPILER INVOKED BY: F:\单片机\C51\BIN\C51.EXE main.c BROWSE DEBUG OBJECTEXTEND

line level    source

   1          #include <REGX52.H>
   2          sbit LED=P2^0;
   3          void Delay(unsigned int t)
   4          {
   5   1        while(t--);
   6   1      }
   7          void main()
   8          {
   9   1        unsigned char Time,i;
  10   1         while(1)
  11   1         {
  12   2           for(Time=0;Time<100;Time++)
  13   2               {
  14   3                  for(i=0;i<20;i++)  //亮度实现由低变高
  15   3                      {
  16   4                      LED=0;
  17   4                  Delay(Time); 
  18   4                  LED=1;
  19   4                  Delay(100-Time);
  20   4                      }
  21   3                 
  22   3               }
  23   2               for(Time=100;Time>0;Time--)
  24   2               {
  25   3                  for(i=0;i<20;i++)  //亮度实现由低变高
  26   3                      {
  27   4                         LED=0;
  28   4                  Delay(Time); 
  29   4                  LED=1;
  30   4                  Delay(100-Time);
  31   4                      }
  32   3                 
  33   3               }
  34   2              
  35   2         }
  36   1      
  37   1      }


MODULE INFORMATION:   STATIC OVERLAYABLE
   CODE SIZE        =     68    ----
   CONSTANT SIZE    =   ----    ----
   XDATA SIZE       =   ----    ----
   PDATA SIZE       =   ----    ----
   DATA SIZE        =   ----    ----
   IDATA SIZE       =   ----    ----
   BIT SIZE         =   ----    ----
END OF MODULE INFORMATION.


C51 COMPILATION COMPLETE.  0 WARNING(S),  0 ERROR(S)
