C51 COMPILER V9.00   MAIN                                                                  08/01/2023 11:26:41 PAGE 1   


C51 COMPILER V9.00, COMPILATION OF MODULE MAIN
OBJECT MODULE PLACED IN main.OBJ
COMPILER INVOKED BY: F:\µ¥Æ¬»ú\C51\BIN\C51.EXE main.c BROWSE DEBUG OBJECTEXTEND

line level    source

   1          #include<regx52.h>
   2          #include"Delay.h"
   3          #include"UART.h"
   4           unsigned char Sec;
   5          void main()
   6          {
   7   1        UART_Init();
   8   1       
   9   1         while(1)
  10   1         {
  11   2                 
  12   2         }
  13   1        
  14   1      }
  15          
  16          void UART_Routine() interrupt 4
  17          {
  18   1        P2=0x00;
  19   1      }


MODULE INFORMATION:   STATIC OVERLAYABLE
   CODE SIZE        =      9    ----
   CONSTANT SIZE    =   ----    ----
   XDATA SIZE       =   ----    ----
   PDATA SIZE       =   ----    ----
   DATA SIZE        =      1    ----
   IDATA SIZE       =   ----    ----
   BIT SIZE         =   ----    ----
END OF MODULE INFORMATION.


C51 COMPILATION COMPLETE.  0 WARNING(S),  0 ERROR(S)
