C51 COMPILER V9.00   UART                                                                  08/01/2023 11:26:42 PAGE 1   


C51 COMPILER V9.00, COMPILATION OF MODULE UART
OBJECT MODULE PLACED IN UART.OBJ
COMPILER INVOKED BY: F:\单片机\C51\BIN\C51.EXE UART.c BROWSE DEBUG OBJECTEXTEND

line level    source

   1           #include<regx52.h>
   2          /**
   3            * @brief 串口初始化   4800bps@11.0592MHz
   4            *     @param  无
   5            *     @retval 无
   6          */
   7          
   8          void UART_Init()
   9          {
  10   1        PCON &= 0x7F;         //波特率不倍速
  11   1              SCON = 0x50;            //8位数据,可变波特率
  12   1      
  13   1        TMOD &= 0x0F;                 //设置定时器模式
  14   1        TMOD|=0x20;                           //设置定时器模式
  15   1              TL1 = 0xFA;                     //设置定时初始值
  16   1              TH1 = 0xFA;                     //设置定时重载值
  17   1              ET1 = 0;                        //禁止定时器中断
  18   1              TR1 = 1;                        //定时器1开始计时
  19   1      }
  20          
  21          /**
  22            * @brief 串口发送一个字节数据
  23            *     @param  无
  24            *     @retval 无
  25          */
  26          void UART_SendByte(unsigned char Byte)
  27          {
  28   1              SBUF=Byte;
  29   1              while(TI==0);
  30   1              TI=0;
  31   1      
  32   1      }


MODULE INFORMATION:   STATIC OVERLAYABLE
   CODE SIZE        =     31    ----
   CONSTANT SIZE    =   ----    ----
   XDATA SIZE       =   ----    ----
   PDATA SIZE       =   ----    ----
   DATA SIZE        =   ----    ----
   IDATA SIZE       =   ----    ----
   BIT SIZE         =   ----    ----
END OF MODULE INFORMATION.


C51 COMPILATION COMPLETE.  0 WARNING(S),  0 ERROR(S)
