C51 COMPILER V9.00   MAIN                                                                  07/08/2023 11:58:05 PAGE 1   


C51 COMPILER V9.00, COMPILATION OF MODULE MAIN
OBJECT MODULE PLACED IN main.OBJ
COMPILER INVOKED BY: F:\µ¥Æ¬»ú\C51\BIN\C51.EXE main.c BROWSE DEBUG OBJECTEXTEND

line level    source

   1          #include<regx52.h>
   2          #include<intrins.h>
   3           void Delay500ms()              //@12.000MHz
   4          {
   5   1              unsigned char data i, j, k;
   6   1      
   7   1              _nop_();
   8   1              _nop_();
   9   1              i = 23;
  10   1              j = 205;
  11   1              k = 120;
  12   1              do
  13   1              {
  14   2                      do
  15   2                      {
  16   3                              while (--k);
  17   3                      } while (--j);
  18   2              } while (--i);
  19   1      }
  20          
  21          
  22          void main()
  23          {
  24   1         while(1)
  25   1         {
  26   2                P2=0xfe;//1111 1110
  27   2                Delay500ms();
  28   2                P2=0xfd;       //1111 1101
  29   2                Delay500ms();
  30   2                P2=0xfb;       //1111 1011 
  31   2                Delay500ms();
  32   2                P2=0xf7;
  33   2                Delay500ms();
  34   2                P2=0xef;
  35   2                Delay500ms();
  36   2                P2=0xdf;
  37   2                Delay500ms();
  38   2                 P2=0xbf;
  39   2                Delay500ms();
  40   2                 P2=0x7f;
  41   2                Delay500ms();
  42   2                
  43   2         }
  44   1      
  45   1      }


MODULE INFORMATION:   STATIC OVERLAYABLE
   CODE SIZE        =     65    ----
   CONSTANT SIZE    =   ----    ----
   XDATA SIZE       =   ----    ----
   PDATA SIZE       =   ----    ----
   DATA SIZE        =   ----    ----
   IDATA SIZE       =   ----    ----
   BIT SIZE         =   ----    ----
C51 COMPILER V9.00   MAIN                                                                  07/08/2023 11:58:05 PAGE 2   

END OF MODULE INFORMATION.


C51 COMPILATION COMPLETE.  0 WARNING(S),  0 ERROR(S)
