C51 COMPILER V9.00   MAIN                                                                  08/08/2023 23:48:56 PAGE 1   


C51 COMPILER V9.00, COMPILATION OF MODULE MAIN
OBJECT MODULE PLACED IN main.OBJ
COMPILER INVOKED BY: F:\单片机\C51\BIN\C51.EXE main.c BROWSE DEBUG OBJECTEXTEND

line level    source

   1          #include<regx52.h>
   2          #include"Delay.h"
   3          sbit RCK=P3^5;  //RCLK
   4          sbit SCK=P3^6;   //SRCLK
   5          sbit SER=P3^4;   //SER
   6          #define MATRIX_LED_PORT  P0
   7          
   8           /**
   9             *    @brief 74HC595 写入一个字节
  10             *    @param   要写入的字节
  11             *    @retval   无
  12          */
  13          void _74HC595_WriteByte(unsigned char Byte)
  14          {
  15   1      
  16   1        unsigned char i;
  17   1        for(i=0;i<8;i++)
  18   1        {
  19   2          SER=Byte&(0x80>>i); // 1000 0000
  20   2         //实现移位操作
  21   2          SCK=1;
  22   2          SCK=0;
  23   2        }
  24   1        RCK=1;//输出
  25   1        RCK=0;
  26   1      }
  27           /**
  28             *    @brief   LED点阵屏显示一列数据
  29             *    @param    Column要选择的列，范围0-7，0在最左边
  30                                     Data选择列显示的数据，高位在上，1为亮
  31             *    @retval   无
  32          */
  33          void MatrixLED_ShowColumn(unsigned char Column,Data)
  34          {
  35   1         _74HC595_WriteByte(Data); 
  36   1          MATRIX_LED_PORT=~(0x80>>Column);//低电平有效
  37   1              Delay(1);
  38   1              MATRIX_LED_PORT=0xFF;
  39   1      }
  40          void main()
  41          {
  42   1         SCK=0;
  43   1         RCK=0;
  44   1        
  45   1         while(1)
  46   1         {
  47   2                 MatrixLED_ShowColumn(0,0x3c);
  48   2                 MatrixLED_ShowColumn(1,0x42);
  49   2                 MatrixLED_ShowColumn(2,0xA9);
  50   2                 MatrixLED_ShowColumn(3,0x85);
  51   2                 MatrixLED_ShowColumn(4,0x85);
  52   2                 MatrixLED_ShowColumn(5,0xA9);
  53   2                 MatrixLED_ShowColumn(6,0x42);
  54   2                 MatrixLED_ShowColumn(7,0x3c);
  55   2                
C51 COMPILER V9.00   MAIN                                                                  08/08/2023 23:48:56 PAGE 2   

  56   2         }
  57   1        
  58   1      }


MODULE INFORMATION:   STATIC OVERLAYABLE
   CODE SIZE        =    157    ----
   CONSTANT SIZE    =   ----    ----
   XDATA SIZE       =   ----    ----
   PDATA SIZE       =   ----    ----
   DATA SIZE        =   ----    ----
   IDATA SIZE       =   ----    ----
   BIT SIZE         =   ----    ----
END OF MODULE INFORMATION.


C51 COMPILATION COMPLETE.  0 WARNING(S),  0 ERROR(S)
