C51 COMPILER V9.00   MAIN                                                                  07/08/2023 21:33:18 PAGE 1   


C51 COMPILER V9.00, COMPILATION OF MODULE MAIN
OBJECT MODULE PLACED IN main.OBJ
COMPILER INVOKED BY: F:\单片机\C51\BIN\C51.EXE main.c BROWSE DEBUG OBJECTEXTEND

line level    source

   1          #include<regx52.h>
   2            void Delay (unsigned int xms)         //@12.000MHz
   3          {
   4   1              unsigned char data i, j;
   5   1              while(xms--)
   6   1              {
   7   2                       i = 2;
   8   2                      j = 239;
   9   2                      do
  10   2                      {
  11   3                              while (--j);
  12   3                      } while (--i);
  13   2              }
  14   1              
  15   1      }
  16          void main()
  17          {
  18   1        unsigned char ledNum=0;
  19   1         while(1)
  20   1         {
  21   2              if(P3_1==0)
  22   2              {
  23   3               Delay(20);//软件消抖
  24   3               while(!P3_1);
  25   3               Delay(20);
  26   3               //1111 1111 
  27   3               ledNum++;
  28   3               P2=~ledNum;
  29   3              }
  30   2      
  31   2      
  32   2         }
  33   1      
  34   1      }


MODULE INFORMATION:   STATIC OVERLAYABLE
   CODE SIZE        =     50    ----
   CONSTANT SIZE    =   ----    ----
   XDATA SIZE       =   ----    ----
   PDATA SIZE       =   ----    ----
   DATA SIZE        =   ----    ----
   IDATA SIZE       =   ----    ----
   BIT SIZE         =   ----    ----
END OF MODULE INFORMATION.


C51 COMPILATION COMPLETE.  0 WARNING(S),  0 ERROR(S)
